{"/home/hp/TEAM-4-KDU-FRONTEND/config.ts": {"path":"/home/hp/TEAM-4-KDU-FRONTEND/config.ts","all":false,"statementMap":{"0":{"start":{"line":1,"column":0},"end":{"line":1,"column":27}},"1":{"start":{"line":2,"column":0},"end":{"line":2,"column":11}},"2":{"start":{"line":3,"column":0},"end":{"line":3,"column":18}},"3":{"start":{"line":4,"column":0},"end":{"line":4,"column":54}},"4":{"start":{"line":5,"column":0},"end":{"line":5,"column":61}},"5":{"start":{"line":6,"column":0},"end":{"line":6,"column":44}},"6":{"start":{"line":7,"column":0},"end":{"line":7,"column":9}},"7":{"start":{"line":8,"column":0},"end":{"line":8,"column":5}},"8":{"start":{"line":9,"column":0},"end":{"line":9,"column":1}},"9":{"start":{"line":10,"column":0},"end":{"line":10,"column":0}},"10":{"start":{"line":11,"column":0},"end":{"line":11,"column":31}},"11":{"start":{"line":12,"column":0},"end":{"line":12,"column":11}},"12":{"start":{"line":13,"column":0},"end":{"line":13,"column":18}},"13":{"start":{"line":14,"column":0},"end":{"line":14,"column":54}},"14":{"start":{"line":15,"column":0},"end":{"line":15,"column":62}},"15":{"start":{"line":16,"column":0},"end":{"line":16,"column":42}},"16":{"start":{"line":17,"column":0},"end":{"line":17,"column":9}},"17":{"start":{"line":18,"column":0},"end":{"line":18,"column":5}},"18":{"start":{"line":19,"column":0},"end":{"line":19,"column":1}}},"s":{"0":1,"1":1,"2":1,"3":1,"4":1,"5":1,"6":1,"7":1,"8":1,"9":1,"10":1,"11":1,"12":1,"13":1,"14":1,"15":1,"16":1,"17":1,"18":1},"branchMap":{},"b":{},"fnMap":{},"f":{}}
,"/home/hp/TEAM-4-KDU-FRONTEND/src/App.tsx": {"path":"/home/hp/TEAM-4-KDU-FRONTEND/src/App.tsx","all":true,"statementMap":{"0":{"start":{"line":1,"column":0},"end":{"line":1,"column":62}},"1":{"start":{"line":2,"column":0},"end":{"line":2,"column":19}},"2":{"start":{"line":3,"column":0},"end":{"line":3,"column":32}},"3":{"start":{"line":4,"column":0},"end":{"line":4,"column":48}},"4":{"start":{"line":5,"column":0},"end":{"line":5,"column":48}},"5":{"start":{"line":6,"column":0},"end":{"line":6,"column":34}},"6":{"start":{"line":7,"column":0},"end":{"line":7,"column":40}},"7":{"start":{"line":8,"column":0},"end":{"line":8,"column":48}},"8":{"start":{"line":9,"column":0},"end":{"line":9,"column":48}},"9":{"start":{"line":10,"column":0},"end":{"line":10,"column":42}},"10":{"start":{"line":11,"column":0},"end":{"line":11,"column":45}},"11":{"start":{"line":12,"column":0},"end":{"line":12,"column":45}},"12":{"start":{"line":13,"column":0},"end":{"line":13,"column":43}},"13":{"start":{"line":14,"column":0},"end":{"line":14,"column":42}},"14":{"start":{"line":15,"column":0},"end":{"line":15,"column":48}},"15":{"start":{"line":16,"column":0},"end":{"line":16,"column":50}},"16":{"start":{"line":17,"column":0},"end":{"line":17,"column":42}},"17":{"start":{"line":18,"column":0},"end":{"line":18,"column":44}},"18":{"start":{"line":19,"column":0},"end":{"line":19,"column":48}},"19":{"start":{"line":20,"column":0},"end":{"line":20,"column":44}},"20":{"start":{"line":21,"column":0},"end":{"line":21,"column":56}},"21":{"start":{"line":22,"column":0},"end":{"line":22,"column":34}},"22":{"start":{"line":23,"column":0},"end":{"line":23,"column":26}},"23":{"start":{"line":24,"column":0},"end":{"line":24,"column":48}},"24":{"start":{"line":25,"column":0},"end":{"line":25,"column":48}},"25":{"start":{"line":26,"column":0},"end":{"line":26,"column":44}},"26":{"start":{"line":27,"column":0},"end":{"line":27,"column":54}},"27":{"start":{"line":28,"column":0},"end":{"line":28,"column":0}},"28":{"start":{"line":29,"column":0},"end":{"line":29,"column":16}},"29":{"start":{"line":30,"column":0},"end":{"line":30,"column":0}},"30":{"start":{"line":31,"column":0},"end":{"line":31,"column":90}},"31":{"start":{"line":32,"column":0},"end":{"line":32,"column":35}},"32":{"start":{"line":33,"column":0},"end":{"line":33,"column":11}},"33":{"start":{"line":34,"column":0},"end":{"line":34,"column":0}},"34":{"start":{"line":35,"column":0},"end":{"line":35,"column":25}},"35":{"start":{"line":36,"column":0},"end":{"line":36,"column":24}},"36":{"start":{"line":37,"column":0},"end":{"line":37,"column":21}},"37":{"start":{"line":38,"column":0},"end":{"line":38,"column":12}},"38":{"start":{"line":39,"column":0},"end":{"line":39,"column":24}},"39":{"start":{"line":40,"column":0},"end":{"line":40,"column":19}},"40":{"start":{"line":41,"column":0},"end":{"line":41,"column":12}},"41":{"start":{"line":42,"column":0},"end":{"line":42,"column":12}},"42":{"start":{"line":43,"column":0},"end":{"line":43,"column":21}},"43":{"start":{"line":44,"column":0},"end":{"line":44,"column":3}},"44":{"start":{"line":45,"column":0},"end":{"line":45,"column":0}},"45":{"start":{"line":46,"column":0},"end":{"line":46,"column":33}},"46":{"start":{"line":47,"column":0},"end":{"line":47,"column":148}},"47":{"start":{"line":48,"column":0},"end":{"line":48,"column":0}},"48":{"start":{"line":49,"column":0},"end":{"line":49,"column":10}},"49":{"start":{"line":50,"column":0},"end":{"line":50,"column":28}},"50":{"start":{"line":51,"column":0},"end":{"line":51,"column":51}},"51":{"start":{"line":52,"column":0},"end":{"line":52,"column":30}},"52":{"start":{"line":53,"column":0},"end":{"line":53,"column":45}},"53":{"start":{"line":54,"column":0},"end":{"line":54,"column":18}},"54":{"start":{"line":55,"column":0},"end":{"line":55,"column":49}},"55":{"start":{"line":56,"column":0},"end":{"line":56,"column":65}},"56":{"start":{"line":57,"column":0},"end":{"line":57,"column":55}},"57":{"start":{"line":58,"column":0},"end":{"line":58,"column":61}},"58":{"start":{"line":59,"column":0},"end":{"line":59,"column":69}},"59":{"start":{"line":60,"column":0},"end":{"line":60,"column":66}},"60":{"start":{"line":61,"column":0},"end":{"line":61,"column":49}},"61":{"start":{"line":62,"column":0},"end":{"line":62,"column":28}},"62":{"start":{"line":63,"column":0},"end":{"line":63,"column":32}},"63":{"start":{"line":64,"column":0},"end":{"line":64,"column":29}},"64":{"start":{"line":65,"column":0},"end":{"line":65,"column":16}},"65":{"start":{"line":66,"column":0},"end":{"line":66,"column":65}},"66":{"start":{"line":67,"column":0},"end":{"line":67,"column":57}},"67":{"start":{"line":68,"column":0},"end":{"line":68,"column":65}},"68":{"start":{"line":69,"column":0},"end":{"line":69,"column":55}},"69":{"start":{"line":70,"column":0},"end":{"line":70,"column":62}},"70":{"start":{"line":71,"column":0},"end":{"line":71,"column":72}},"71":{"start":{"line":72,"column":0},"end":{"line":72,"column":19}},"72":{"start":{"line":73,"column":0},"end":{"line":73,"column":45}},"73":{"start":{"line":74,"column":0},"end":{"line":74,"column":14}},"74":{"start":{"line":75,"column":0},"end":{"line":75,"column":0}},"75":{"start":{"line":76,"column":0},"end":{"line":76,"column":21}},"76":{"start":{"line":77,"column":0},"end":{"line":77,"column":29}},"77":{"start":{"line":78,"column":0},"end":{"line":78,"column":0}},"78":{"start":{"line":79,"column":0},"end":{"line":79,"column":4}},"79":{"start":{"line":80,"column":0},"end":{"line":80,"column":1}},"80":{"start":{"line":81,"column":0},"end":{"line":81,"column":0}},"81":{"start":{"line":82,"column":0},"end":{"line":82,"column":19}}},"s":{"0":0,"1":0,"2":0,"3":0,"4":0,"5":0,"6":0,"7":0,"8":0,"9":0,"10":0,"11":0,"12":0,"13":0,"14":0,"15":0,"16":0,"17":0,"18":0,"19":0,"20":0,"21":0,"22":0,"23":0,"24":0,"25":0,"26":0,"27":0,"28":0,"29":0,"30":0,"31":0,"32":0,"33":0,"34":0,"35":0,"36":0,"37":0,"38":0,"39":0,"40":0,"41":0,"42":0,"43":0,"44":0,"45":0,"46":0,"47":0,"48":0,"49":0,"50":0,"51":0,"52":0,"53":0,"54":0,"55":0,"56":0,"57":0,"58":0,"59":0,"60":0,"61":0,"62":0,"63":0,"64":0,"65":0,"66":0,"67":0,"68":0,"69":0,"70":0,"71":0,"72":0,"73":0,"74":0,"75":0,"76":0,"77":0,"78":0,"79":0,"80":0,"81":0},"branchMap":{"0":{"type":"branch","line":1,"loc":{"start":{"line":1,"column":0},"end":{"line":82,"column":19}},"locations":[{"start":{"line":1,"column":0},"end":{"line":82,"column":19}}]}},"b":{"0":[0]},"fnMap":{"0":{"name":"(empty-report)","decl":{"start":{"line":1,"column":0},"end":{"line":82,"column":19}},"loc":{"start":{"line":1,"column":0},"end":{"line":82,"column":19}},"line":1}},"f":{"0":0}}
,"/home/hp/TEAM-4-KDU-FRONTEND/src/main.tsx": {"path":"/home/hp/TEAM-4-KDU-FRONTEND/src/main.tsx","all":true,"statementMap":{"0":{"start":{"line":1,"column":0},"end":{"line":1,"column":39}},"1":{"start":{"line":2,"column":0},"end":{"line":2,"column":27}},"2":{"start":{"line":3,"column":0},"end":{"line":3,"column":40}},"3":{"start":{"line":4,"column":0},"end":{"line":4,"column":20}},"4":{"start":{"line":5,"column":0},"end":{"line":5,"column":48}},"5":{"start":{"line":6,"column":0},"end":{"line":6,"column":48}},"6":{"start":{"line":7,"column":0},"end":{"line":7,"column":39}},"7":{"start":{"line":8,"column":0},"end":{"line":8,"column":51}},"8":{"start":{"line":9,"column":0},"end":{"line":9,"column":0}},"9":{"start":{"line":10,"column":0},"end":{"line":10,"column":0}},"10":{"start":{"line":11,"column":0},"end":{"line":11,"column":0}},"11":{"start":{"line":12,"column":0},"end":{"line":12,"column":61}},"12":{"start":{"line":13,"column":0},"end":{"line":13,"column":28}},"13":{"start":{"line":14,"column":0},"end":{"line":14,"column":21}},"14":{"start":{"line":15,"column":0},"end":{"line":15,"column":15}},"15":{"start":{"line":16,"column":0},"end":{"line":16,"column":22}},"16":{"start":{"line":17,"column":0},"end":{"line":17,"column":15}},"17":{"start":{"line":18,"column":0},"end":{"line":18,"column":1}}},"s":{"0":0,"1":0,"2":0,"3":0,"4":0,"5":0,"6":0,"7":0,"8":0,"9":0,"10":0,"11":0,"12":0,"13":0,"14":0,"15":0,"16":0,"17":0},"branchMap":{"0":{"type":"branch","line":1,"loc":{"start":{"line":1,"column":0},"end":{"line":18,"column":1}},"locations":[{"start":{"line":1,"column":0},"end":{"line":18,"column":1}}]}},"b":{"0":[0]},"fnMap":{"0":{"name":"(empty-report)","decl":{"start":{"line":1,"column":0},"end":{"line":18,"column":1}},"loc":{"start":{"line":1,"column":0},"end":{"line":18,"column":1}},"line":1}},"f":{"0":0}}
,"/home/hp/TEAM-4-KDU-FRONTEND/src/CheckoutForm/CheckoutBilling.tsx": {"path":"/home/hp/TEAM-4-KDU-FRONTEND/src/CheckoutForm/CheckoutBilling.tsx","all":true,"statementMap":{"0":{"start":{"line":1,"column":0},"end":{"line":1,"column":25}},"1":{"start":{"line":2,"column":0},"end":{"line":2,"column":51}},"2":{"start":{"line":3,"column":0},"end":{"line":3,"column":42}},"3":{"start":{"line":4,"column":0},"end":{"line":4,"column":121}},"4":{"start":{"line":5,"column":0},"end":{"line":5,"column":85}},"5":{"start":{"line":6,"column":0},"end":{"line":6,"column":79}},"6":{"start":{"line":7,"column":0},"end":{"line":7,"column":0}},"7":{"start":{"line":8,"column":0},"end":{"line":8,"column":43}},"8":{"start":{"line":9,"column":0},"end":{"line":9,"column":48}},"9":{"start":{"line":10,"column":0},"end":{"line":10,"column":0}},"10":{"start":{"line":11,"column":0},"end":{"line":11,"column":10}},"11":{"start":{"line":12,"column":0},"end":{"line":12,"column":38}},"12":{"start":{"line":13,"column":0},"end":{"line":13,"column":62}},"13":{"start":{"line":14,"column":0},"end":{"line":14,"column":8}},"14":{"start":{"line":15,"column":0},"end":{"line":15,"column":52}},"15":{"start":{"line":16,"column":0},"end":{"line":16,"column":61}},"16":{"start":{"line":17,"column":0},"end":{"line":17,"column":5}},"17":{"start":{"line":18,"column":0},"end":{"line":18,"column":45}},"18":{"start":{"line":19,"column":0},"end":{"line":19,"column":48}},"19":{"start":{"line":20,"column":0},"end":{"line":20,"column":61}},"20":{"start":{"line":21,"column":0},"end":{"line":21,"column":16}},"21":{"start":{"line":22,"column":0},"end":{"line":22,"column":23}},"22":{"start":{"line":23,"column":0},"end":{"line":23,"column":47}},"23":{"start":{"line":24,"column":0},"end":{"line":24,"column":36}},"24":{"start":{"line":25,"column":0},"end":{"line":25,"column":32}},"25":{"start":{"line":26,"column":0},"end":{"line":26,"column":63}},"26":{"start":{"line":27,"column":0},"end":{"line":27,"column":13}},"27":{"start":{"line":28,"column":0},"end":{"line":28,"column":12}},"28":{"start":{"line":29,"column":0},"end":{"line":29,"column":53}},"29":{"start":{"line":30,"column":0},"end":{"line":30,"column":63}},"30":{"start":{"line":31,"column":0},"end":{"line":31,"column":12}},"31":{"start":{"line":32,"column":0},"end":{"line":32,"column":14}},"32":{"start":{"line":33,"column":0},"end":{"line":33,"column":48}},"33":{"start":{"line":34,"column":0},"end":{"line":34,"column":60}},"34":{"start":{"line":35,"column":0},"end":{"line":35,"column":16}},"35":{"start":{"line":36,"column":0},"end":{"line":36,"column":23}},"36":{"start":{"line":37,"column":0},"end":{"line":37,"column":47}},"37":{"start":{"line":38,"column":0},"end":{"line":38,"column":35}},"38":{"start":{"line":39,"column":0},"end":{"line":39,"column":32}},"39":{"start":{"line":40,"column":0},"end":{"line":40,"column":62}},"40":{"start":{"line":41,"column":0},"end":{"line":41,"column":13}},"41":{"start":{"line":42,"column":0},"end":{"line":42,"column":12}},"42":{"start":{"line":43,"column":0},"end":{"line":43,"column":52}},"43":{"start":{"line":44,"column":0},"end":{"line":44,"column":62}},"44":{"start":{"line":45,"column":0},"end":{"line":45,"column":12}},"45":{"start":{"line":46,"column":0},"end":{"line":46,"column":14}},"46":{"start":{"line":47,"column":0},"end":{"line":47,"column":12}},"47":{"start":{"line":48,"column":0},"end":{"line":48,"column":53}},"48":{"start":{"line":49,"column":0},"end":{"line":49,"column":50}},"49":{"start":{"line":50,"column":0},"end":{"line":50,"column":68}},"50":{"start":{"line":51,"column":0},"end":{"line":51,"column":16}},"51":{"start":{"line":52,"column":0},"end":{"line":52,"column":23}},"52":{"start":{"line":53,"column":0},"end":{"line":53,"column":47}},"53":{"start":{"line":54,"column":0},"end":{"line":54,"column":32}},"54":{"start":{"line":55,"column":0},"end":{"line":55,"column":32}},"55":{"start":{"line":56,"column":0},"end":{"line":56,"column":59}},"56":{"start":{"line":57,"column":0},"end":{"line":57,"column":13}},"57":{"start":{"line":58,"column":0},"end":{"line":58,"column":12}},"58":{"start":{"line":59,"column":0},"end":{"line":59,"column":49}},"59":{"start":{"line":60,"column":0},"end":{"line":60,"column":71}},"60":{"start":{"line":61,"column":0},"end":{"line":61,"column":12}},"61":{"start":{"line":62,"column":0},"end":{"line":62,"column":14}},"62":{"start":{"line":63,"column":0},"end":{"line":63,"column":50}},"63":{"start":{"line":64,"column":0},"end":{"line":64,"column":68}},"64":{"start":{"line":65,"column":0},"end":{"line":65,"column":16}},"65":{"start":{"line":66,"column":0},"end":{"line":66,"column":23}},"66":{"start":{"line":67,"column":0},"end":{"line":67,"column":47}},"67":{"start":{"line":68,"column":0},"end":{"line":68,"column":32}},"68":{"start":{"line":69,"column":0},"end":{"line":69,"column":32}},"69":{"start":{"line":70,"column":0},"end":{"line":70,"column":59}},"70":{"start":{"line":71,"column":0},"end":{"line":71,"column":13}},"71":{"start":{"line":72,"column":0},"end":{"line":72,"column":12}},"72":{"start":{"line":73,"column":0},"end":{"line":73,"column":14}},"73":{"start":{"line":74,"column":0},"end":{"line":74,"column":12}},"74":{"start":{"line":75,"column":0},"end":{"line":75,"column":48}},"75":{"start":{"line":76,"column":0},"end":{"line":76,"column":57}},"76":{"start":{"line":77,"column":0},"end":{"line":77,"column":11}},"77":{"start":{"line":78,"column":0},"end":{"line":78,"column":29}},"78":{"start":{"line":79,"column":0},"end":{"line":79,"column":12}},"79":{"start":{"line":80,"column":0},"end":{"line":80,"column":42}},"80":{"start":{"line":81,"column":0},"end":{"line":81,"column":59}},"81":{"start":{"line":82,"column":0},"end":{"line":82,"column":10}},"82":{"start":{"line":83,"column":0},"end":{"line":83,"column":12}},"83":{"start":{"line":84,"column":0},"end":{"line":84,"column":45}},"84":{"start":{"line":85,"column":0},"end":{"line":85,"column":6}},"85":{"start":{"line":86,"column":0},"end":{"line":86,"column":48}},"86":{"start":{"line":87,"column":0},"end":{"line":87,"column":57}},"87":{"start":{"line":88,"column":0},"end":{"line":88,"column":55}},"88":{"start":{"line":89,"column":0},"end":{"line":89,"column":29}},"89":{"start":{"line":90,"column":0},"end":{"line":90,"column":14}},"90":{"start":{"line":91,"column":0},"end":{"line":91,"column":42}},"91":{"start":{"line":92,"column":0},"end":{"line":92,"column":61}},"92":{"start":{"line":93,"column":0},"end":{"line":93,"column":12}},"93":{"start":{"line":94,"column":0},"end":{"line":94,"column":14}},"94":{"start":{"line":95,"column":0},"end":{"line":95,"column":52}},"95":{"start":{"line":96,"column":0},"end":{"line":96,"column":56}},"96":{"start":{"line":97,"column":0},"end":{"line":97,"column":26}},"97":{"start":{"line":98,"column":0},"end":{"line":98,"column":41}},"98":{"start":{"line":99,"column":0},"end":{"line":99,"column":57}},"99":{"start":{"line":100,"column":0},"end":{"line":100,"column":12}},"100":{"start":{"line":101,"column":0},"end":{"line":101,"column":14}},"101":{"start":{"line":102,"column":0},"end":{"line":102,"column":46}},"102":{"start":{"line":103,"column":0},"end":{"line":103,"column":55}},"103":{"start":{"line":104,"column":0},"end":{"line":104,"column":16}},"104":{"start":{"line":105,"column":0},"end":{"line":105,"column":23}},"105":{"start":{"line":106,"column":0},"end":{"line":106,"column":52}},"106":{"start":{"line":107,"column":0},"end":{"line":107,"column":23}},"107":{"start":{"line":108,"column":0},"end":{"line":108,"column":38}},"108":{"start":{"line":109,"column":0},"end":{"line":109,"column":12}},"109":{"start":{"line":110,"column":0},"end":{"line":110,"column":40}},"110":{"start":{"line":111,"column":0},"end":{"line":111,"column":61}},"111":{"start":{"line":112,"column":0},"end":{"line":112,"column":12}},"112":{"start":{"line":113,"column":0},"end":{"line":113,"column":70}},"113":{"start":{"line":114,"column":0},"end":{"line":114,"column":8}},"114":{"start":{"line":115,"column":0},"end":{"line":115,"column":14}},"115":{"start":{"line":116,"column":0},"end":{"line":116,"column":12}},"116":{"start":{"line":117,"column":0},"end":{"line":117,"column":49}},"117":{"start":{"line":118,"column":0},"end":{"line":118,"column":15}},"118":{"start":{"line":119,"column":0},"end":{"line":119,"column":43}},"119":{"start":{"line":120,"column":0},"end":{"line":120,"column":45}},"120":{"start":{"line":121,"column":0},"end":{"line":121,"column":9}},"121":{"start":{"line":122,"column":0},"end":{"line":122,"column":27}},"122":{"start":{"line":123,"column":0},"end":{"line":123,"column":17}},"123":{"start":{"line":124,"column":0},"end":{"line":124,"column":12}},"124":{"start":{"line":125,"column":0},"end":{"line":125,"column":10}},"125":{"start":{"line":126,"column":0},"end":{"line":126,"column":8}},"126":{"start":{"line":127,"column":0},"end":{"line":127,"column":5}},"127":{"start":{"line":128,"column":0},"end":{"line":128,"column":1}}},"s":{"0":0,"1":0,"2":0,"3":0,"4":0,"5":0,"6":0,"7":0,"8":0,"9":0,"10":0,"11":0,"12":0,"13":0,"14":0,"15":0,"16":0,"17":0,"18":0,"19":0,"20":0,"21":0,"22":0,"23":0,"24":0,"25":0,"26":0,"27":0,"28":0,"29":0,"30":0,"31":0,"32":0,"33":0,"34":0,"35":0,"36":0,"37":0,"38":0,"39":0,"40":0,"41":0,"42":0,"43":0,"44":0,"45":0,"46":0,"47":0,"48":0,"49":0,"50":0,"51":0,"52":0,"53":0,"54":0,"55":0,"56":0,"57":0,"58":0,"59":0,"60":0,"61":0,"62":0,"63":0,"64":0,"65":0,"66":0,"67":0,"68":0,"69":0,"70":0,"71":0,"72":0,"73":0,"74":0,"75":0,"76":0,"77":0,"78":0,"79":0,"80":0,"81":0,"82":0,"83":0,"84":0,"85":0,"86":0,"87":0,"88":0,"89":0,"90":0,"91":0,"92":0,"93":0,"94":0,"95":0,"96":0,"97":0,"98":0,"99":0,"100":0,"101":0,"102":0,"103":0,"104":0,"105":0,"106":0,"107":0,"108":0,"109":0,"110":0,"111":0,"112":0,"113":0,"114":0,"115":0,"116":0,"117":0,"118":0,"119":0,"120":0,"121":0,"122":0,"123":0,"124":0,"125":0,"126":0,"127":0},"branchMap":{"0":{"type":"branch","line":1,"loc":{"start":{"line":1,"column":0},"end":{"line":128,"column":1}},"locations":[{"start":{"line":1,"column":0},"end":{"line":128,"column":1}}]}},"b":{"0":[0]},"fnMap":{"0":{"name":"(empty-report)","decl":{"start":{"line":1,"column":0},"end":{"line":128,"column":1}},"loc":{"start":{"line":1,"column":0},"end":{"line":128,"column":1}},"line":1}},"f":{"0":0}}
,"/home/hp/TEAM-4-KDU-FRONTEND/src/CheckoutForm/CheckoutTraveler.tsx": {"path":"/home/hp/TEAM-4-KDU-FRONTEND/src/CheckoutForm/CheckoutTraveler.tsx","all":true,"statementMap":{"0":{"start":{"line":1,"column":0},"end":{"line":1,"column":39}},"1":{"start":{"line":2,"column":0},"end":{"line":2,"column":55}},"2":{"start":{"line":3,"column":0},"end":{"line":3,"column":62}},"3":{"start":{"line":4,"column":0},"end":{"line":4,"column":120}},"4":{"start":{"line":5,"column":0},"end":{"line":5,"column":91}},"5":{"start":{"line":6,"column":0},"end":{"line":6,"column":0}},"6":{"start":{"line":7,"column":0},"end":{"line":7,"column":44}},"7":{"start":{"line":8,"column":0},"end":{"line":8,"column":48}},"8":{"start":{"line":9,"column":0},"end":{"line":9,"column":68}},"9":{"start":{"line":10,"column":0},"end":{"line":10,"column":68}},"10":{"start":{"line":11,"column":0},"end":{"line":11,"column":61}},"11":{"start":{"line":12,"column":0},"end":{"line":12,"column":61}},"12":{"start":{"line":13,"column":0},"end":{"line":13,"column":0}},"13":{"start":{"line":14,"column":0},"end":{"line":14,"column":0}},"14":{"start":{"line":15,"column":0},"end":{"line":15,"column":43}},"15":{"start":{"line":16,"column":0},"end":{"line":16,"column":8}},"16":{"start":{"line":17,"column":0},"end":{"line":17,"column":26}},"17":{"start":{"line":18,"column":0},"end":{"line":18,"column":25}},"18":{"start":{"line":19,"column":0},"end":{"line":19,"column":16}},"19":{"start":{"line":20,"column":0},"end":{"line":20,"column":23}},"20":{"start":{"line":21,"column":0},"end":{"line":21,"column":32}},"21":{"start":{"line":22,"column":0},"end":{"line":22,"column":31}},"22":{"start":{"line":23,"column":0},"end":{"line":23,"column":7}},"23":{"start":{"line":24,"column":0},"end":{"line":24,"column":43}},"24":{"start":{"line":25,"column":0},"end":{"line":25,"column":5}},"25":{"start":{"line":26,"column":0},"end":{"line":26,"column":4}},"26":{"start":{"line":27,"column":0},"end":{"line":27,"column":0}},"27":{"start":{"line":28,"column":0},"end":{"line":28,"column":77}},"28":{"start":{"line":29,"column":0},"end":{"line":29,"column":43}},"29":{"start":{"line":30,"column":0},"end":{"line":30,"column":38}},"30":{"start":{"line":31,"column":0},"end":{"line":31,"column":0}},"31":{"start":{"line":32,"column":0},"end":{"line":32,"column":23}},"32":{"start":{"line":33,"column":0},"end":{"line":33,"column":45}},"33":{"start":{"line":34,"column":0},"end":{"line":34,"column":50}},"34":{"start":{"line":35,"column":0},"end":{"line":35,"column":50}},"35":{"start":{"line":36,"column":0},"end":{"line":36,"column":12}},"36":{"start":{"line":37,"column":0},"end":{"line":37,"column":24}},"37":{"start":{"line":38,"column":0},"end":{"line":38,"column":5}},"38":{"start":{"line":39,"column":0},"end":{"line":39,"column":4}},"39":{"start":{"line":40,"column":0},"end":{"line":40,"column":0}},"40":{"start":{"line":41,"column":0},"end":{"line":41,"column":0}},"41":{"start":{"line":42,"column":0},"end":{"line":42,"column":77}},"42":{"start":{"line":43,"column":0},"end":{"line":43,"column":45}},"43":{"start":{"line":44,"column":0},"end":{"line":44,"column":47}},"44":{"start":{"line":45,"column":0},"end":{"line":45,"column":26}},"45":{"start":{"line":46,"column":0},"end":{"line":46,"column":37}},"46":{"start":{"line":47,"column":0},"end":{"line":47,"column":47}},"47":{"start":{"line":48,"column":0},"end":{"line":48,"column":43}},"48":{"start":{"line":49,"column":0},"end":{"line":49,"column":12}},"49":{"start":{"line":50,"column":0},"end":{"line":50,"column":24}},"50":{"start":{"line":51,"column":0},"end":{"line":51,"column":5}},"51":{"start":{"line":52,"column":0},"end":{"line":52,"column":4}},"52":{"start":{"line":53,"column":0},"end":{"line":53,"column":0}},"53":{"start":{"line":54,"column":0},"end":{"line":54,"column":11}},"54":{"start":{"line":55,"column":0},"end":{"line":55,"column":24}},"55":{"start":{"line":56,"column":0},"end":{"line":56,"column":23}},"56":{"start":{"line":57,"column":0},"end":{"line":57,"column":14}},"57":{"start":{"line":58,"column":0},"end":{"line":58,"column":21}},"58":{"start":{"line":59,"column":0},"end":{"line":59,"column":62}},"59":{"start":{"line":60,"column":0},"end":{"line":60,"column":0}},"60":{"start":{"line":61,"column":0},"end":{"line":61,"column":10}},"61":{"start":{"line":62,"column":0},"end":{"line":62,"column":52}},"62":{"start":{"line":63,"column":0},"end":{"line":63,"column":63}},"63":{"start":{"line":64,"column":0},"end":{"line":64,"column":57}},"64":{"start":{"line":65,"column":0},"end":{"line":65,"column":46}},"65":{"start":{"line":66,"column":0},"end":{"line":66,"column":44}},"66":{"start":{"line":67,"column":0},"end":{"line":67,"column":61}},"67":{"start":{"line":68,"column":0},"end":{"line":68,"column":16}},"68":{"start":{"line":69,"column":0},"end":{"line":69,"column":23}},"69":{"start":{"line":70,"column":0},"end":{"line":70,"column":47}},"70":{"start":{"line":71,"column":0},"end":{"line":71,"column":37}},"71":{"start":{"line":72,"column":0},"end":{"line":72,"column":32}},"72":{"start":{"line":73,"column":0},"end":{"line":73,"column":64}},"73":{"start":{"line":74,"column":0},"end":{"line":74,"column":13}},"74":{"start":{"line":75,"column":0},"end":{"line":75,"column":12}},"75":{"start":{"line":76,"column":0},"end":{"line":76,"column":54}},"76":{"start":{"line":77,"column":0},"end":{"line":77,"column":63}},"77":{"start":{"line":78,"column":0},"end":{"line":78,"column":12}},"78":{"start":{"line":79,"column":0},"end":{"line":79,"column":14}},"79":{"start":{"line":80,"column":0},"end":{"line":80,"column":44}},"80":{"start":{"line":81,"column":0},"end":{"line":81,"column":60}},"81":{"start":{"line":82,"column":0},"end":{"line":82,"column":16}},"82":{"start":{"line":83,"column":0},"end":{"line":83,"column":23}},"83":{"start":{"line":84,"column":0},"end":{"line":84,"column":47}},"84":{"start":{"line":85,"column":0},"end":{"line":85,"column":36}},"85":{"start":{"line":86,"column":0},"end":{"line":86,"column":32}},"86":{"start":{"line":87,"column":0},"end":{"line":87,"column":63}},"87":{"start":{"line":88,"column":0},"end":{"line":88,"column":13}},"88":{"start":{"line":89,"column":0},"end":{"line":89,"column":12}},"89":{"start":{"line":90,"column":0},"end":{"line":90,"column":53}},"90":{"start":{"line":91,"column":0},"end":{"line":91,"column":62}},"91":{"start":{"line":92,"column":0},"end":{"line":92,"column":12}},"92":{"start":{"line":93,"column":0},"end":{"line":93,"column":14}},"93":{"start":{"line":94,"column":0},"end":{"line":94,"column":12}},"94":{"start":{"line":95,"column":0},"end":{"line":95,"column":0}},"95":{"start":{"line":96,"column":0},"end":{"line":96,"column":49}},"96":{"start":{"line":97,"column":0},"end":{"line":97,"column":55}},"97":{"start":{"line":98,"column":0},"end":{"line":98,"column":14}},"98":{"start":{"line":99,"column":0},"end":{"line":99,"column":21}},"99":{"start":{"line":100,"column":0},"end":{"line":100,"column":45}},"100":{"start":{"line":101,"column":0},"end":{"line":101,"column":25}},"101":{"start":{"line":102,"column":0},"end":{"line":102,"column":38}},"102":{"start":{"line":103,"column":0},"end":{"line":103,"column":10}},"103":{"start":{"line":104,"column":0},"end":{"line":104,"column":71}},"104":{"start":{"line":105,"column":0},"end":{"line":105,"column":46}},"105":{"start":{"line":106,"column":0},"end":{"line":106,"column":61}},"106":{"start":{"line":107,"column":0},"end":{"line":107,"column":10}},"107":{"start":{"line":108,"column":0},"end":{"line":108,"column":12}},"108":{"start":{"line":109,"column":0},"end":{"line":109,"column":0}},"109":{"start":{"line":110,"column":0},"end":{"line":110,"column":47}},"110":{"start":{"line":111,"column":0},"end":{"line":111,"column":54}},"111":{"start":{"line":112,"column":0},"end":{"line":112,"column":14}},"112":{"start":{"line":113,"column":0},"end":{"line":113,"column":22}},"113":{"start":{"line":114,"column":0},"end":{"line":114,"column":45}},"114":{"start":{"line":115,"column":0},"end":{"line":115,"column":32}},"115":{"start":{"line":116,"column":0},"end":{"line":116,"column":38}},"116":{"start":{"line":117,"column":0},"end":{"line":117,"column":10}},"117":{"start":{"line":118,"column":0},"end":{"line":118,"column":71}},"118":{"start":{"line":119,"column":0},"end":{"line":119,"column":49}},"119":{"start":{"line":120,"column":0},"end":{"line":120,"column":62}},"120":{"start":{"line":121,"column":0},"end":{"line":121,"column":10}},"121":{"start":{"line":122,"column":0},"end":{"line":122,"column":12}},"122":{"start":{"line":123,"column":0},"end":{"line":123,"column":49}},"123":{"start":{"line":124,"column":0},"end":{"line":124,"column":15}},"124":{"start":{"line":125,"column":0},"end":{"line":125,"column":43}},"125":{"start":{"line":126,"column":0},"end":{"line":126,"column":45}},"126":{"start":{"line":127,"column":0},"end":{"line":127,"column":9}},"127":{"start":{"line":128,"column":0},"end":{"line":128,"column":27}},"128":{"start":{"line":129,"column":0},"end":{"line":129,"column":17}},"129":{"start":{"line":130,"column":0},"end":{"line":130,"column":12}},"130":{"start":{"line":131,"column":0},"end":{"line":131,"column":10}},"131":{"start":{"line":132,"column":0},"end":{"line":132,"column":8}},"132":{"start":{"line":133,"column":0},"end":{"line":133,"column":3}},"133":{"start":{"line":134,"column":0},"end":{"line":134,"column":1}}},"s":{"0":0,"1":0,"2":0,"3":0,"4":0,"5":0,"6":0,"7":0,"8":0,"9":0,"10":0,"11":0,"12":0,"13":0,"14":0,"15":0,"16":0,"17":0,"18":0,"19":0,"20":0,"21":0,"22":0,"23":0,"24":0,"25":0,"26":0,"27":0,"28":0,"29":0,"30":0,"31":0,"32":0,"33":0,"34":0,"35":0,"36":0,"37":0,"38":0,"39":0,"40":0,"41":0,"42":0,"43":0,"44":0,"45":0,"46":0,"47":0,"48":0,"49":0,"50":0,"51":0,"52":0,"53":0,"54":0,"55":0,"56":0,"57":0,"58":0,"59":0,"60":0,"61":0,"62":0,"63":0,"64":0,"65":0,"66":0,"67":0,"68":0,"69":0,"70":0,"71":0,"72":0,"73":0,"74":0,"75":0,"76":0,"77":0,"78":0,"79":0,"80":0,"81":0,"82":0,"83":0,"84":0,"85":0,"86":0,"87":0,"88":0,"89":0,"90":0,"91":0,"92":0,"93":0,"94":0,"95":0,"96":0,"97":0,"98":0,"99":0,"100":0,"101":0,"102":0,"103":0,"104":0,"105":0,"106":0,"107":0,"108":0,"109":0,"110":0,"111":0,"112":0,"113":0,"114":0,"115":0,"116":0,"117":0,"118":0,"119":0,"120":0,"121":0,"122":0,"123":0,"124":0,"125":0,"126":0,"127":0,"128":0,"129":0,"130":0,"131":0,"132":0,"133":0},"branchMap":{"0":{"type":"branch","line":1,"loc":{"start":{"line":1,"column":0},"end":{"line":134,"column":1}},"locations":[{"start":{"line":1,"column":0},"end":{"line":134,"column":1}}]}},"b":{"0":[0]},"fnMap":{"0":{"name":"(empty-report)","decl":{"start":{"line":1,"column":0},"end":{"line":134,"column":1}},"loc":{"start":{"line":1,"column":0},"end":{"line":134,"column":1}},"line":1}},"f":{"0":0}}
,"/home/hp/TEAM-4-KDU-FRONTEND/src/components/BookingForm/BookingForm.tsx": {"path":"/home/hp/TEAM-4-KDU-FRONTEND/src/components/BookingForm/BookingForm.tsx","all":false,"statementMap":{"0":{"start":{"line":1,"column":0},"end":{"line":1,"column":51}},"1":{"start":{"line":2,"column":0},"end":{"line":2,"column":55}},"2":{"start":{"line":3,"column":0},"end":{"line":3,"column":49}},"3":{"start":{"line":4,"column":0},"end":{"line":4,"column":36}},"4":{"start":{"line":5,"column":0},"end":{"line":5,"column":34}},"5":{"start":{"line":6,"column":0},"end":{"line":6,"column":28}},"6":{"start":{"line":7,"column":0},"end":{"line":7,"column":62}},"7":{"start":{"line":8,"column":0},"end":{"line":8,"column":55}},"8":{"start":{"line":9,"column":0},"end":{"line":9,"column":65}},"9":{"start":{"line":10,"column":0},"end":{"line":10,"column":46}},"10":{"start":{"line":11,"column":0},"end":{"line":11,"column":63}},"11":{"start":{"line":12,"column":0},"end":{"line":12,"column":44}},"12":{"start":{"line":13,"column":0},"end":{"line":13,"column":26}},"13":{"start":{"line":14,"column":0},"end":{"line":14,"column":177}},"14":{"start":{"line":15,"column":0},"end":{"line":15,"column":95}},"15":{"start":{"line":16,"column":0},"end":{"line":16,"column":67}},"16":{"start":{"line":17,"column":0},"end":{"line":17,"column":76}},"17":{"start":{"line":18,"column":0},"end":{"line":18,"column":76}},"18":{"start":{"line":19,"column":0},"end":{"line":19,"column":0}},"19":{"start":{"line":20,"column":0},"end":{"line":20,"column":39}},"20":{"start":{"line":21,"column":0},"end":{"line":21,"column":98}},"21":{"start":{"line":22,"column":0},"end":{"line":22,"column":47}},"22":{"start":{"line":23,"column":0},"end":{"line":23,"column":4}},"23":{"start":{"line":24,"column":0},"end":{"line":24,"column":86}},"24":{"start":{"line":25,"column":0},"end":{"line":25,"column":78}},"25":{"start":{"line":26,"column":0},"end":{"line":26,"column":69}},"26":{"start":{"line":27,"column":0},"end":{"line":27,"column":46}},"27":{"start":{"line":28,"column":0},"end":{"line":28,"column":33}},"28":{"start":{"line":29,"column":0},"end":{"line":29,"column":0}},"29":{"start":{"line":30,"column":0},"end":{"line":30,"column":56}},"30":{"start":{"line":31,"column":0},"end":{"line":31,"column":0}},"31":{"start":{"line":32,"column":0},"end":{"line":32,"column":53}},"32":{"start":{"line":33,"column":0},"end":{"line":33,"column":0}},"33":{"start":{"line":34,"column":0},"end":{"line":34,"column":30}},"34":{"start":{"line":35,"column":0},"end":{"line":35,"column":30}},"35":{"start":{"line":36,"column":0},"end":{"line":36,"column":87}},"36":{"start":{"line":37,"column":0},"end":{"line":37,"column":13}},"37":{"start":{"line":38,"column":0},"end":{"line":38,"column":5}},"38":{"start":{"line":39,"column":0},"end":{"line":39,"column":88}},"39":{"start":{"line":40,"column":0},"end":{"line":40,"column":98}},"40":{"start":{"line":41,"column":0},"end":{"line":41,"column":13}},"41":{"start":{"line":42,"column":0},"end":{"line":42,"column":5}},"42":{"start":{"line":43,"column":0},"end":{"line":43,"column":0}},"43":{"start":{"line":44,"column":0},"end":{"line":44,"column":26}},"44":{"start":{"line":45,"column":0},"end":{"line":45,"column":84}},"45":{"start":{"line":46,"column":0},"end":{"line":46,"column":13}},"46":{"start":{"line":47,"column":0},"end":{"line":47,"column":5}},"47":{"start":{"line":48,"column":0},"end":{"line":48,"column":0}},"48":{"start":{"line":49,"column":0},"end":{"line":49,"column":37}},"49":{"start":{"line":50,"column":0},"end":{"line":50,"column":33}},"50":{"start":{"line":51,"column":0},"end":{"line":51,"column":40}},"51":{"start":{"line":52,"column":0},"end":{"line":52,"column":36}},"52":{"start":{"line":53,"column":0},"end":{"line":53,"column":38}},"53":{"start":{"line":54,"column":0},"end":{"line":54,"column":16}},"54":{"start":{"line":55,"column":0},"end":{"line":55,"column":40}},"55":{"start":{"line":56,"column":0},"end":{"line":56,"column":25}},"56":{"start":{"line":57,"column":0},"end":{"line":57,"column":22}},"57":{"start":{"line":58,"column":0},"end":{"line":58,"column":17}},"58":{"start":{"line":59,"column":0},"end":{"line":59,"column":7}},"59":{"start":{"line":60,"column":0},"end":{"line":60,"column":0}},"60":{"start":{"line":61,"column":0},"end":{"line":61,"column":15}},"61":{"start":{"line":62,"column":0},"end":{"line":62,"column":53}},"62":{"start":{"line":63,"column":0},"end":{"line":63,"column":5}},"63":{"start":{"line":64,"column":0},"end":{"line":64,"column":0}},"64":{"start":{"line":65,"column":0},"end":{"line":65,"column":16}},"65":{"start":{"line":66,"column":0},"end":{"line":66,"column":55}},"66":{"start":{"line":67,"column":0},"end":{"line":67,"column":5}},"67":{"start":{"line":68,"column":0},"end":{"line":68,"column":0}},"68":{"start":{"line":69,"column":0},"end":{"line":69,"column":39}},"69":{"start":{"line":70,"column":0},"end":{"line":70,"column":4}},"70":{"start":{"line":71,"column":0},"end":{"line":71,"column":0}},"71":{"start":{"line":72,"column":0},"end":{"line":72,"column":0}},"72":{"start":{"line":73,"column":0},"end":{"line":73,"column":0}},"73":{"start":{"line":74,"column":0},"end":{"line":74,"column":38}},"74":{"start":{"line":75,"column":0},"end":{"line":75,"column":160}},"75":{"start":{"line":76,"column":0},"end":{"line":76,"column":27}},"76":{"start":{"line":77,"column":0},"end":{"line":77,"column":12}},"77":{"start":{"line":78,"column":0},"end":{"line":78,"column":28}},"78":{"start":{"line":79,"column":0},"end":{"line":79,"column":5}},"79":{"start":{"line":80,"column":0},"end":{"line":80,"column":4}},"80":{"start":{"line":81,"column":0},"end":{"line":81,"column":0}},"81":{"start":{"line":82,"column":0},"end":{"line":82,"column":0}},"82":{"start":{"line":83,"column":0},"end":{"line":83,"column":0}},"83":{"start":{"line":84,"column":0},"end":{"line":84,"column":0}},"84":{"start":{"line":85,"column":0},"end":{"line":85,"column":25}},"85":{"start":{"line":86,"column":0},"end":{"line":86,"column":27}},"86":{"start":{"line":87,"column":0},"end":{"line":87,"column":43}},"87":{"start":{"line":88,"column":0},"end":{"line":88,"column":0}},"88":{"start":{"line":89,"column":0},"end":{"line":89,"column":0}},"89":{"start":{"line":90,"column":0},"end":{"line":90,"column":0}},"90":{"start":{"line":91,"column":0},"end":{"line":91,"column":0}},"91":{"start":{"line":92,"column":0},"end":{"line":92,"column":19}},"92":{"start":{"line":93,"column":0},"end":{"line":93,"column":34}},"93":{"start":{"line":94,"column":0},"end":{"line":94,"column":51}},"94":{"start":{"line":95,"column":0},"end":{"line":95,"column":5}},"95":{"start":{"line":96,"column":0},"end":{"line":96,"column":31}},"96":{"start":{"line":97,"column":0},"end":{"line":97,"column":0}},"97":{"start":{"line":98,"column":0},"end":{"line":98,"column":0}},"98":{"start":{"line":99,"column":0},"end":{"line":99,"column":0}},"99":{"start":{"line":100,"column":0},"end":{"line":100,"column":0}},"100":{"start":{"line":101,"column":0},"end":{"line":101,"column":19}},"101":{"start":{"line":102,"column":0},"end":{"line":102,"column":78}},"102":{"start":{"line":103,"column":0},"end":{"line":103,"column":17}},"103":{"start":{"line":104,"column":0},"end":{"line":104,"column":0}},"104":{"start":{"line":105,"column":0},"end":{"line":105,"column":0}},"105":{"start":{"line":106,"column":0},"end":{"line":106,"column":0}},"106":{"start":{"line":107,"column":0},"end":{"line":107,"column":10}},"107":{"start":{"line":108,"column":0},"end":{"line":108,"column":6}},"108":{"start":{"line":109,"column":0},"end":{"line":109,"column":32}},"109":{"start":{"line":110,"column":0},"end":{"line":110,"column":35}},"110":{"start":{"line":111,"column":0},"end":{"line":111,"column":24}},"111":{"start":{"line":112,"column":0},"end":{"line":112,"column":22}},"112":{"start":{"line":113,"column":0},"end":{"line":113,"column":40}},"113":{"start":{"line":114,"column":0},"end":{"line":114,"column":20}},"114":{"start":{"line":115,"column":0},"end":{"line":115,"column":19}},"115":{"start":{"line":116,"column":0},"end":{"line":116,"column":14}},"116":{"start":{"line":117,"column":0},"end":{"line":117,"column":26}},"117":{"start":{"line":118,"column":0},"end":{"line":118,"column":41}},"118":{"start":{"line":119,"column":0},"end":{"line":119,"column":17}},"119":{"start":{"line":120,"column":0},"end":{"line":120,"column":25}},"120":{"start":{"line":121,"column":0},"end":{"line":121,"column":42}},"121":{"start":{"line":122,"column":0},"end":{"line":122,"column":34}},"122":{"start":{"line":123,"column":0},"end":{"line":123,"column":35}},"123":{"start":{"line":124,"column":0},"end":{"line":124,"column":11}},"124":{"start":{"line":125,"column":0},"end":{"line":125,"column":29}},"125":{"start":{"line":126,"column":0},"end":{"line":126,"column":29}},"126":{"start":{"line":127,"column":0},"end":{"line":127,"column":37}},"127":{"start":{"line":128,"column":0},"end":{"line":128,"column":14}},"128":{"start":{"line":129,"column":0},"end":{"line":129,"column":19}},"129":{"start":{"line":130,"column":0},"end":{"line":130,"column":14}},"130":{"start":{"line":131,"column":0},"end":{"line":131,"column":12}},"131":{"start":{"line":132,"column":0},"end":{"line":132,"column":7}},"132":{"start":{"line":133,"column":0},"end":{"line":133,"column":4}},"133":{"start":{"line":134,"column":0},"end":{"line":134,"column":1}}},"s":{"0":1,"1":1,"2":1,"3":1,"4":1,"5":1,"6":1,"7":1,"8":1,"9":1,"10":1,"11":1,"12":1,"13":1,"14":1,"15":1,"16":1,"17":1,"18":1,"19":1,"20":1,"21":1,"22":1,"23":1,"24":1,"25":1,"26":1,"27":1,"28":1,"29":1,"30":1,"31":1,"32":1,"33":1,"34":0,"35":0,"36":0,"37":0,"38":0,"39":0,"40":0,"41":0,"42":0,"43":0,"44":0,"45":0,"46":0,"47":0,"48":0,"49":0,"50":0,"51":0,"52":0,"53":0,"54":0,"55":0,"56":0,"57":0,"58":0,"59":0,"60":0,"61":0,"62":0,"63":0,"64":0,"65":0,"66":0,"67":0,"68":0,"69":0,"70":1,"71":1,"72":1,"73":1,"74":1,"75":0,"76":1,"77":1,"78":1,"79":1,"80":1,"81":1,"82":1,"83":1,"84":1,"85":1,"86":1,"87":1,"88":1,"89":1,"90":1,"91":1,"92":1,"93":0,"94":0,"95":1,"96":1,"97":1,"98":1,"99":1,"100":1,"101":1,"102":1,"103":1,"104":1,"105":1,"106":1,"107":1,"108":1,"109":1,"110":1,"111":1,"112":1,"113":1,"114":1,"115":1,"116":1,"117":1,"118":1,"119":1,"120":1,"121":1,"122":1,"123":1,"124":1,"125":1,"126":1,"127":1,"128":1,"129":1,"130":1,"131":1,"132":1,"133":1},"branchMap":{"0":{"type":"branch","line":20,"loc":{"start":{"line":20,"column":0},"end":{"line":134,"column":1}},"locations":[{"start":{"line":20,"column":0},"end":{"line":134,"column":1}}]},"1":{"type":"branch","line":109,"loc":{"start":{"line":109,"column":7},"end":{"line":109,"column":29}},"locations":[{"start":{"line":109,"column":7},"end":{"line":109,"column":29}}]},"2":{"type":"branch","line":22,"loc":{"start":{"line":22,"column":4},"end":{"line":22,"column":47}},"locations":[{"start":{"line":22,"column":4},"end":{"line":22,"column":47}}]},"3":{"type":"branch","line":24,"loc":{"start":{"line":24,"column":37},"end":{"line":24,"column":84}},"locations":[{"start":{"line":24,"column":37},"end":{"line":24,"column":84}}]},"4":{"type":"branch","line":25,"loc":{"start":{"line":25,"column":36},"end":{"line":25,"column":76}},"locations":[{"start":{"line":25,"column":36},"end":{"line":25,"column":76}}]},"5":{"type":"branch","line":26,"loc":{"start":{"line":26,"column":31},"end":{"line":26,"column":67}},"locations":[{"start":{"line":26,"column":31},"end":{"line":26,"column":67}}]},"6":{"type":"branch","line":74,"loc":{"start":{"line":74,"column":31},"end":{"line":80,"column":4}},"locations":[{"start":{"line":74,"column":31},"end":{"line":80,"column":4}}]},"7":{"type":"branch","line":75,"loc":{"start":{"line":75,"column":8},"end":{"line":75,"column":71}},"locations":[{"start":{"line":75,"column":8},"end":{"line":75,"column":71}}]},"8":{"type":"branch","line":75,"loc":{"start":{"line":75,"column":57},"end":{"line":75,"column":111}},"locations":[{"start":{"line":75,"column":57},"end":{"line":75,"column":111}}]},"9":{"type":"branch","line":75,"loc":{"start":{"line":75,"column":96},"end":{"line":75,"column":130}},"locations":[{"start":{"line":75,"column":96},"end":{"line":75,"column":130}}]},"10":{"type":"branch","line":75,"loc":{"start":{"line":75,"column":125},"end":{"line":75,"column":159}},"locations":[{"start":{"line":75,"column":125},"end":{"line":75,"column":159}}]},"11":{"type":"branch","line":75,"loc":{"start":{"line":75,"column":159},"end":{"line":77,"column":11}},"locations":[{"start":{"line":75,"column":159},"end":{"line":77,"column":11}}]},"12":{"type":"branch","line":85,"loc":{"start":{"line":85,"column":18},"end":{"line":87,"column":5}},"locations":[{"start":{"line":85,"column":18},"end":{"line":87,"column":5}}]},"13":{"type":"branch","line":92,"loc":{"start":{"line":92,"column":12},"end":{"line":96,"column":5}},"locations":[{"start":{"line":92,"column":12},"end":{"line":96,"column":5}}]},"14":{"type":"branch","line":93,"loc":{"start":{"line":93,"column":33},"end":{"line":95,"column":5}},"locations":[{"start":{"line":93,"column":33},"end":{"line":95,"column":5}}]},"15":{"type":"branch","line":101,"loc":{"start":{"line":101,"column":12},"end":{"line":103,"column":5}},"locations":[{"start":{"line":101,"column":12},"end":{"line":103,"column":5}}]}},"b":{"0":[1],"1":[0],"2":[4],"3":[4],"4":[4],"5":[4],"6":[1],"7":[0],"8":[0],"9":[0],"10":[0],"11":[0],"12":[1],"13":[1],"14":[0],"15":[1]},"fnMap":{"0":{"name":"BookingForm","decl":{"start":{"line":20,"column":0},"end":{"line":134,"column":1}},"loc":{"start":{"line":20,"column":0},"end":{"line":134,"column":1}},"line":20},"1":{"name":"handleSubmit","decl":{"start":{"line":34,"column":23},"end":{"line":70,"column":4}},"loc":{"start":{"line":34,"column":23},"end":{"line":70,"column":4}},"line":34},"2":{"name":"handleFormValidation","decl":{"start":{"line":74,"column":31},"end":{"line":80,"column":4}},"loc":{"start":{"line":74,"column":31},"end":{"line":80,"column":4}},"line":74}},"f":{"0":1,"1":0,"2":1}}
,"/home/hp/TEAM-4-KDU-FRONTEND/src/components/BookingForm/FormValidations.tsx": {"path":"/home/hp/TEAM-4-KDU-FRONTEND/src/components/BookingForm/FormValidations.tsx","all":true,"statementMap":{"0":{"start":{"line":1,"column":0},"end":{"line":1,"column":25}},"1":{"start":{"line":2,"column":0},"end":{"line":2,"column":0}},"2":{"start":{"line":3,"column":0},"end":{"line":3,"column":43}},"3":{"start":{"line":4,"column":0},"end":{"line":4,"column":10}},"4":{"start":{"line":5,"column":0},"end":{"line":5,"column":30}},"5":{"start":{"line":6,"column":0},"end":{"line":6,"column":3}},"6":{"start":{"line":7,"column":0},"end":{"line":7,"column":1}}},"s":{"0":0,"1":0,"2":0,"3":0,"4":0,"5":0,"6":0},"branchMap":{"0":{"type":"branch","line":1,"loc":{"start":{"line":1,"column":0},"end":{"line":7,"column":1}},"locations":[{"start":{"line":1,"column":0},"end":{"line":7,"column":1}}]}},"b":{"0":[0]},"fnMap":{"0":{"name":"(empty-report)","decl":{"start":{"line":1,"column":0},"end":{"line":7,"column":1}},"loc":{"start":{"line":1,"column":0},"end":{"line":7,"column":1}},"line":1}},"f":{"0":0}}
,"/home/hp/TEAM-4-KDU-FRONTEND/src/components/BookingForm/AccessibleRooms/AccessibleRoom.tsx": {"path":"/home/hp/TEAM-4-KDU-FRONTEND/src/components/BookingForm/AccessibleRooms/AccessibleRoom.tsx","all":false,"statementMap":{"0":{"start":{"line":1,"column":0},"end":{"line":1,"column":55}},"1":{"start":{"line":2,"column":0},"end":{"line":2,"column":56}},"2":{"start":{"line":3,"column":0},"end":{"line":3,"column":31}},"3":{"start":{"line":4,"column":0},"end":{"line":4,"column":46}},"4":{"start":{"line":5,"column":0},"end":{"line":5,"column":68}},"5":{"start":{"line":6,"column":0},"end":{"line":6,"column":33}},"6":{"start":{"line":7,"column":0},"end":{"line":7,"column":0}},"7":{"start":{"line":8,"column":0},"end":{"line":8,"column":42}},"8":{"start":{"line":9,"column":0},"end":{"line":9,"column":83}},"9":{"start":{"line":10,"column":0},"end":{"line":10,"column":46}},"10":{"start":{"line":11,"column":0},"end":{"line":11,"column":38}},"11":{"start":{"line":12,"column":0},"end":{"line":12,"column":45}},"12":{"start":{"line":13,"column":0},"end":{"line":13,"column":2}},"13":{"start":{"line":14,"column":0},"end":{"line":14,"column":1}},"14":{"start":{"line":15,"column":0},"end":{"line":15,"column":0}},"15":{"start":{"line":16,"column":0},"end":{"line":16,"column":9}},"16":{"start":{"line":17,"column":0},"end":{"line":17,"column":6}},"17":{"start":{"line":18,"column":0},"end":{"line":18,"column":29}},"18":{"start":{"line":19,"column":0},"end":{"line":19,"column":45}},"19":{"start":{"line":20,"column":0},"end":{"line":20,"column":16}},"20":{"start":{"line":21,"column":0},"end":{"line":21,"column":27}},"21":{"start":{"line":22,"column":0},"end":{"line":22,"column":35}},"22":{"start":{"line":23,"column":0},"end":{"line":23,"column":39}},"23":{"start":{"line":24,"column":0},"end":{"line":24,"column":43}},"24":{"start":{"line":25,"column":0},"end":{"line":25,"column":29}},"25":{"start":{"line":26,"column":0},"end":{"line":26,"column":49}},"26":{"start":{"line":27,"column":0},"end":{"line":27,"column":48}},"27":{"start":{"line":28,"column":0},"end":{"line":28,"column":12}},"28":{"start":{"line":29,"column":0},"end":{"line":29,"column":36}},"29":{"start":{"line":30,"column":0},"end":{"line":30,"column":74}},"30":{"start":{"line":31,"column":0},"end":{"line":31,"column":36}},"31":{"start":{"line":32,"column":0},"end":{"line":32,"column":31}},"32":{"start":{"line":33,"column":0},"end":{"line":33,"column":40}},"33":{"start":{"line":34,"column":0},"end":{"line":34,"column":58}},"34":{"start":{"line":35,"column":0},"end":{"line":35,"column":16}},"35":{"start":{"line":36,"column":0},"end":{"line":36,"column":16}},"36":{"start":{"line":37,"column":0},"end":{"line":37,"column":16}},"37":{"start":{"line":38,"column":0},"end":{"line":38,"column":14}},"38":{"start":{"line":39,"column":0},"end":{"line":39,"column":9}},"39":{"start":{"line":40,"column":0},"end":{"line":40,"column":10}},"40":{"start":{"line":41,"column":0},"end":{"line":41,"column":7}},"41":{"start":{"line":42,"column":0},"end":{"line":42,"column":7}},"42":{"start":{"line":43,"column":0},"end":{"line":43,"column":3}},"43":{"start":{"line":44,"column":0},"end":{"line":44,"column":1}}},"s":{"0":1,"1":1,"2":1,"3":1,"4":1,"5":1,"6":1,"7":1,"8":1,"9":1,"10":1,"11":1,"12":1,"13":1,"14":1,"15":1,"16":1,"17":1,"18":1,"19":1,"20":1,"21":1,"22":1,"23":1,"24":1,"25":1,"26":1,"27":1,"28":1,"29":1,"30":1,"31":1,"32":1,"33":1,"34":1,"35":1,"36":1,"37":1,"38":0,"39":0,"40":1,"41":1,"42":1,"43":1},"branchMap":{"0":{"type":"branch","line":8,"loc":{"start":{"line":8,"column":0},"end":{"line":44,"column":1}},"locations":[{"start":{"line":8,"column":0},"end":{"line":44,"column":1}}]},"1":{"type":"branch","line":38,"loc":{"start":{"line":38,"column":8},"end":{"line":40,"column":10}},"locations":[{"start":{"line":38,"column":8},"end":{"line":40,"column":10}}]},"2":{"type":"branch","line":9,"loc":{"start":{"line":9,"column":34},"end":{"line":9,"column":81}},"locations":[{"start":{"line":9,"column":34},"end":{"line":9,"column":81}}]},"3":{"type":"branch","line":12,"loc":{"start":{"line":12,"column":2},"end":{"line":12,"column":45}},"locations":[{"start":{"line":12,"column":2},"end":{"line":12,"column":45}}]}},"b":{"0":[1],"1":[0],"2":[4],"3":[4]},"fnMap":{"0":{"name":"AccessibleRoom","decl":{"start":{"line":8,"column":0},"end":{"line":44,"column":1}},"loc":{"start":{"line":8,"column":0},"end":{"line":44,"column":1}},"line":8},"1":{"name":"onChange","decl":{"start":{"line":26,"column":22},"end":{"line":26,"column":49}},"loc":{"start":{"line":26,"column":22},"end":{"line":26,"column":49}},"line":26}},"f":{"0":1,"1":0}}
,"/home/hp/TEAM-4-KDU-FRONTEND/src/components/BookingForm/Guest/Guests.tsx": {"path":"/home/hp/TEAM-4-KDU-FRONTEND/src/components/BookingForm/Guest/Guests.tsx","all":false,"statementMap":{"0":{"start":{"line":1,"column":0},"end":{"line":1,"column":39}},"1":{"start":{"line":2,"column":0},"end":{"line":2,"column":22}},"2":{"start":{"line":3,"column":0},"end":{"line":3,"column":46}},"3":{"start":{"line":4,"column":0},"end":{"line":4,"column":52}},"4":{"start":{"line":5,"column":0},"end":{"line":5,"column":41}},"5":{"start":{"line":6,"column":0},"end":{"line":6,"column":55}},"6":{"start":{"line":7,"column":0},"end":{"line":7,"column":68}},"7":{"start":{"line":8,"column":0},"end":{"line":8,"column":97}},"8":{"start":{"line":9,"column":0},"end":{"line":9,"column":46}},"9":{"start":{"line":10,"column":0},"end":{"line":10,"column":66}},"10":{"start":{"line":11,"column":0},"end":{"line":11,"column":0}},"11":{"start":{"line":12,"column":0},"end":{"line":12,"column":34}},"12":{"start":{"line":13,"column":0},"end":{"line":13,"column":46}},"13":{"start":{"line":14,"column":0},"end":{"line":14,"column":114}},"14":{"start":{"line":15,"column":0},"end":{"line":15,"column":97}},"15":{"start":{"line":16,"column":0},"end":{"line":16,"column":36}},"16":{"start":{"line":17,"column":0},"end":{"line":17,"column":39}},"17":{"start":{"line":18,"column":0},"end":{"line":18,"column":47}},"18":{"start":{"line":19,"column":0},"end":{"line":19,"column":4}},"19":{"start":{"line":20,"column":0},"end":{"line":20,"column":0}},"20":{"start":{"line":21,"column":0},"end":{"line":21,"column":0}},"21":{"start":{"line":22,"column":0},"end":{"line":22,"column":81}},"22":{"start":{"line":23,"column":0},"end":{"line":23,"column":24}},"23":{"start":{"line":24,"column":0},"end":{"line":24,"column":33}},"24":{"start":{"line":25,"column":0},"end":{"line":25,"column":46}},"25":{"start":{"line":26,"column":0},"end":{"line":26,"column":12}},"26":{"start":{"line":27,"column":0},"end":{"line":27,"column":116}},"27":{"start":{"line":28,"column":0},"end":{"line":28,"column":5}},"28":{"start":{"line":29,"column":0},"end":{"line":29,"column":4}},"29":{"start":{"line":30,"column":0},"end":{"line":30,"column":0}},"30":{"start":{"line":31,"column":0},"end":{"line":31,"column":81}},"31":{"start":{"line":32,"column":0},"end":{"line":32,"column":25}},"32":{"start":{"line":33,"column":0},"end":{"line":33,"column":41}},"33":{"start":{"line":34,"column":0},"end":{"line":34,"column":107}},"34":{"start":{"line":35,"column":0},"end":{"line":35,"column":5}},"35":{"start":{"line":36,"column":0},"end":{"line":36,"column":38}},"36":{"start":{"line":37,"column":0},"end":{"line":37,"column":46}},"37":{"start":{"line":38,"column":0},"end":{"line":38,"column":5}},"38":{"start":{"line":39,"column":0},"end":{"line":39,"column":10}},"39":{"start":{"line":40,"column":0},"end":{"line":40,"column":105}},"40":{"start":{"line":41,"column":0},"end":{"line":41,"column":5}},"41":{"start":{"line":42,"column":0},"end":{"line":42,"column":4}},"42":{"start":{"line":43,"column":0},"end":{"line":43,"column":0}},"43":{"start":{"line":44,"column":0},"end":{"line":44,"column":80}},"44":{"start":{"line":45,"column":0},"end":{"line":45,"column":25}},"45":{"start":{"line":46,"column":0},"end":{"line":46,"column":24}},"46":{"start":{"line":47,"column":0},"end":{"line":47,"column":44}},"47":{"start":{"line":48,"column":0},"end":{"line":48,"column":5}},"48":{"start":{"line":49,"column":0},"end":{"line":49,"column":4}},"49":{"start":{"line":50,"column":0},"end":{"line":50,"column":0}},"50":{"start":{"line":51,"column":0},"end":{"line":51,"column":80}},"51":{"start":{"line":52,"column":0},"end":{"line":52,"column":24}},"52":{"start":{"line":53,"column":0},"end":{"line":53,"column":61}},"53":{"start":{"line":54,"column":0},"end":{"line":54,"column":101}},"54":{"start":{"line":55,"column":0},"end":{"line":55,"column":13}},"55":{"start":{"line":56,"column":0},"end":{"line":56,"column":5}},"56":{"start":{"line":57,"column":0},"end":{"line":57,"column":42}},"57":{"start":{"line":58,"column":0},"end":{"line":58,"column":4}},"58":{"start":{"line":59,"column":0},"end":{"line":59,"column":0}},"59":{"start":{"line":60,"column":0},"end":{"line":60,"column":79}},"60":{"start":{"line":61,"column":0},"end":{"line":61,"column":24}},"61":{"start":{"line":62,"column":0},"end":{"line":62,"column":41}},"62":{"start":{"line":63,"column":0},"end":{"line":63,"column":42}},"63":{"start":{"line":64,"column":0},"end":{"line":64,"column":5}},"64":{"start":{"line":65,"column":0},"end":{"line":65,"column":4}},"65":{"start":{"line":66,"column":0},"end":{"line":66,"column":0}},"66":{"start":{"line":67,"column":0},"end":{"line":67,"column":79}},"67":{"start":{"line":68,"column":0},"end":{"line":68,"column":25}},"68":{"start":{"line":69,"column":0},"end":{"line":69,"column":61}},"69":{"start":{"line":70,"column":0},"end":{"line":70,"column":101}},"70":{"start":{"line":71,"column":0},"end":{"line":71,"column":13}},"71":{"start":{"line":72,"column":0},"end":{"line":72,"column":5}},"72":{"start":{"line":73,"column":0},"end":{"line":73,"column":40}},"73":{"start":{"line":74,"column":0},"end":{"line":74,"column":4}},"74":{"start":{"line":75,"column":0},"end":{"line":75,"column":0}},"75":{"start":{"line":76,"column":0},"end":{"line":76,"column":10}},"76":{"start":{"line":77,"column":0},"end":{"line":77,"column":36}},"77":{"start":{"line":78,"column":0},"end":{"line":78,"column":33}},"78":{"start":{"line":79,"column":0},"end":{"line":79,"column":25}},"79":{"start":{"line":80,"column":0},"end":{"line":80,"column":25}},"80":{"start":{"line":81,"column":0},"end":{"line":81,"column":33}},"81":{"start":{"line":82,"column":0},"end":{"line":82,"column":10}},"82":{"start":{"line":83,"column":0},"end":{"line":83,"column":10}},"83":{"start":{"line":84,"column":0},"end":{"line":84,"column":29}},"84":{"start":{"line":85,"column":0},"end":{"line":85,"column":15}},"85":{"start":{"line":86,"column":0},"end":{"line":86,"column":44}},"86":{"start":{"line":87,"column":0},"end":{"line":87,"column":33}},"87":{"start":{"line":88,"column":0},"end":{"line":88,"column":34}},"88":{"start":{"line":89,"column":0},"end":{"line":89,"column":23}},"89":{"start":{"line":90,"column":0},"end":{"line":90,"column":30}},"90":{"start":{"line":91,"column":0},"end":{"line":91,"column":46}},"91":{"start":{"line":92,"column":0},"end":{"line":92,"column":30}},"92":{"start":{"line":93,"column":0},"end":{"line":93,"column":42}},"93":{"start":{"line":94,"column":0},"end":{"line":94,"column":100}},"94":{"start":{"line":95,"column":0},"end":{"line":95,"column":13}},"95":{"start":{"line":96,"column":0},"end":{"line":96,"column":22}},"96":{"start":{"line":97,"column":0},"end":{"line":97,"column":76}},"97":{"start":{"line":98,"column":0},"end":{"line":98,"column":94}},"98":{"start":{"line":99,"column":0},"end":{"line":99,"column":25}},"99":{"start":{"line":100,"column":0},"end":{"line":100,"column":22}},"100":{"start":{"line":101,"column":0},"end":{"line":101,"column":80}},"101":{"start":{"line":102,"column":0},"end":{"line":102,"column":82}},"102":{"start":{"line":103,"column":0},"end":{"line":103,"column":67}},"103":{"start":{"line":104,"column":0},"end":{"line":104,"column":63}},"104":{"start":{"line":105,"column":0},"end":{"line":105,"column":16}},"105":{"start":{"line":106,"column":0},"end":{"line":106,"column":14}},"106":{"start":{"line":107,"column":0},"end":{"line":107,"column":11}},"107":{"start":{"line":108,"column":0},"end":{"line":108,"column":35}},"108":{"start":{"line":109,"column":0},"end":{"line":109,"column":26}},"109":{"start":{"line":110,"column":0},"end":{"line":110,"column":37}},"110":{"start":{"line":111,"column":0},"end":{"line":111,"column":37}},"111":{"start":{"line":112,"column":0},"end":{"line":112,"column":47}},"112":{"start":{"line":113,"column":0},"end":{"line":113,"column":15}},"113":{"start":{"line":114,"column":0},"end":{"line":114,"column":36}},"114":{"start":{"line":115,"column":0},"end":{"line":115,"column":46}},"115":{"start":{"line":116,"column":0},"end":{"line":116,"column":55}},"116":{"start":{"line":117,"column":0},"end":{"line":117,"column":15}},"117":{"start":{"line":118,"column":0},"end":{"line":118,"column":35}},"118":{"start":{"line":119,"column":0},"end":{"line":119,"column":45}},"119":{"start":{"line":120,"column":0},"end":{"line":120,"column":35}},"120":{"start":{"line":121,"column":0},"end":{"line":121,"column":50}},"121":{"start":{"line":122,"column":0},"end":{"line":122,"column":24}},"122":{"start":{"line":123,"column":0},"end":{"line":123,"column":45}},"123":{"start":{"line":124,"column":0},"end":{"line":124,"column":17}},"124":{"start":{"line":125,"column":0},"end":{"line":125,"column":15}},"125":{"start":{"line":126,"column":0},"end":{"line":126,"column":13}},"126":{"start":{"line":127,"column":0},"end":{"line":127,"column":24}},"127":{"start":{"line":128,"column":0},"end":{"line":128,"column":12}},"128":{"start":{"line":129,"column":0},"end":{"line":129,"column":9}},"129":{"start":{"line":130,"column":0},"end":{"line":130,"column":10}},"130":{"start":{"line":131,"column":0},"end":{"line":131,"column":0}},"131":{"start":{"line":132,"column":0},"end":{"line":132,"column":36}},"132":{"start":{"line":133,"column":0},"end":{"line":133,"column":40}},"133":{"start":{"line":134,"column":0},"end":{"line":134,"column":43}},"134":{"start":{"line":135,"column":0},"end":{"line":135,"column":106}},"135":{"start":{"line":136,"column":0},"end":{"line":136,"column":107}},"136":{"start":{"line":137,"column":0},"end":{"line":137,"column":20}},"137":{"start":{"line":138,"column":0},"end":{"line":138,"column":44}},"138":{"start":{"line":139,"column":0},"end":{"line":139,"column":93}},"139":{"start":{"line":140,"column":0},"end":{"line":140,"column":60}},"140":{"start":{"line":141,"column":0},"end":{"line":141,"column":93}},"141":{"start":{"line":142,"column":0},"end":{"line":142,"column":20}},"142":{"start":{"line":143,"column":0},"end":{"line":143,"column":18}},"143":{"start":{"line":144,"column":0},"end":{"line":144,"column":21}},"144":{"start":{"line":145,"column":0},"end":{"line":145,"column":11}},"145":{"start":{"line":146,"column":0},"end":{"line":146,"column":28}},"146":{"start":{"line":147,"column":0},"end":{"line":147,"column":39}},"147":{"start":{"line":148,"column":0},"end":{"line":148,"column":44}},"148":{"start":{"line":149,"column":0},"end":{"line":149,"column":47}},"149":{"start":{"line":150,"column":0},"end":{"line":150,"column":119}},"150":{"start":{"line":151,"column":0},"end":{"line":151,"column":110}},"151":{"start":{"line":152,"column":0},"end":{"line":152,"column":24}},"152":{"start":{"line":153,"column":0},"end":{"line":153,"column":48}},"153":{"start":{"line":154,"column":0},"end":{"line":154,"column":96}},"154":{"start":{"line":155,"column":0},"end":{"line":155,"column":63}},"155":{"start":{"line":156,"column":0},"end":{"line":156,"column":96}},"156":{"start":{"line":157,"column":0},"end":{"line":157,"column":24}},"157":{"start":{"line":158,"column":0},"end":{"line":158,"column":22}},"158":{"start":{"line":159,"column":0},"end":{"line":159,"column":25}},"159":{"start":{"line":160,"column":0},"end":{"line":160,"column":15}},"160":{"start":{"line":161,"column":0},"end":{"line":161,"column":16}},"161":{"start":{"line":162,"column":0},"end":{"line":162,"column":11}},"162":{"start":{"line":163,"column":0},"end":{"line":163,"column":0}},"163":{"start":{"line":164,"column":0},"end":{"line":164,"column":11}},"164":{"start":{"line":165,"column":0},"end":{"line":165,"column":27}},"165":{"start":{"line":166,"column":0},"end":{"line":166,"column":38}},"166":{"start":{"line":167,"column":0},"end":{"line":167,"column":44}},"167":{"start":{"line":168,"column":0},"end":{"line":168,"column":47}},"168":{"start":{"line":169,"column":0},"end":{"line":169,"column":106}},"169":{"start":{"line":170,"column":0},"end":{"line":170,"column":110}},"170":{"start":{"line":171,"column":0},"end":{"line":171,"column":24}},"171":{"start":{"line":172,"column":0},"end":{"line":172,"column":48}},"172":{"start":{"line":173,"column":0},"end":{"line":173,"column":95}},"173":{"start":{"line":174,"column":0},"end":{"line":174,"column":62}},"174":{"start":{"line":175,"column":0},"end":{"line":175,"column":95}},"175":{"start":{"line":176,"column":0},"end":{"line":176,"column":24}},"176":{"start":{"line":177,"column":0},"end":{"line":177,"column":22}},"177":{"start":{"line":178,"column":0},"end":{"line":178,"column":25}},"178":{"start":{"line":179,"column":0},"end":{"line":179,"column":15}},"179":{"start":{"line":180,"column":0},"end":{"line":180,"column":16}},"180":{"start":{"line":181,"column":0},"end":{"line":181,"column":11}},"181":{"start":{"line":182,"column":0},"end":{"line":182,"column":17}},"182":{"start":{"line":183,"column":0},"end":{"line":183,"column":20}},"183":{"start":{"line":184,"column":0},"end":{"line":184,"column":0}},"184":{"start":{"line":185,"column":0},"end":{"line":185,"column":11}},"185":{"start":{"line":186,"column":0},"end":{"line":186,"column":3}},"186":{"start":{"line":187,"column":0},"end":{"line":187,"column":1}}},"s":{"0":1,"1":1,"2":1,"3":1,"4":1,"5":1,"6":1,"7":1,"8":1,"9":1,"10":1,"11":3,"12":3,"13":3,"14":3,"15":3,"16":3,"17":3,"18":3,"19":3,"20":3,"21":3,"22":0,"23":0,"24":0,"25":0,"26":0,"27":0,"28":0,"29":3,"30":3,"31":0,"32":0,"33":0,"34":0,"35":0,"36":0,"37":0,"38":0,"39":0,"40":0,"41":0,"42":3,"43":3,"44":0,"45":0,"46":0,"47":0,"48":0,"49":3,"50":3,"51":0,"52":0,"53":0,"54":0,"55":0,"56":0,"57":0,"58":3,"59":3,"60":0,"61":0,"62":0,"63":0,"64":0,"65":3,"66":3,"67":0,"68":0,"69":0,"70":0,"71":0,"72":0,"73":0,"74":3,"75":3,"76":3,"77":3,"78":3,"79":3,"80":3,"81":3,"82":3,"83":3,"84":3,"85":3,"86":3,"87":3,"88":3,"89":3,"90":3,"91":3,"92":0,"93":0,"94":0,"95":3,"96":3,"97":3,"98":3,"99":3,"100":3,"101":3,"102":3,"103":3,"104":3,"105":3,"106":3,"107":3,"108":6,"109":6,"110":6,"111":6,"112":6,"113":6,"114":0,"115":0,"116":0,"117":6,"118":0,"119":0,"120":0,"121":0,"122":0,"123":0,"124":0,"125":6,"126":6,"127":6,"128":3,"129":3,"130":3,"131":3,"132":3,"133":3,"134":3,"135":3,"136":3,"137":3,"138":3,"139":3,"140":3,"141":3,"142":3,"143":3,"144":3,"145":3,"146":3,"147":3,"148":3,"149":3,"150":3,"151":3,"152":3,"153":3,"154":3,"155":3,"156":3,"157":3,"158":3,"159":0,"160":0,"161":3,"162":3,"163":3,"164":3,"165":3,"166":3,"167":3,"168":3,"169":3,"170":3,"171":3,"172":3,"173":3,"174":3,"175":3,"176":3,"177":3,"178":0,"179":0,"180":3,"181":3,"182":3,"183":3,"184":3,"185":3,"186":3},"branchMap":{"0":{"type":"branch","line":12,"loc":{"start":{"line":12,"column":0},"end":{"line":187,"column":1}},"locations":[{"start":{"line":12,"column":0},"end":{"line":187,"column":1}}]},"1":{"type":"branch","line":159,"loc":{"start":{"line":159,"column":14},"end":{"line":161,"column":16}},"locations":[{"start":{"line":159,"column":14},"end":{"line":161,"column":16}}]},"2":{"type":"branch","line":178,"loc":{"start":{"line":178,"column":14},"end":{"line":180,"column":16}},"locations":[{"start":{"line":178,"column":14},"end":{"line":180,"column":16}}]},"3":{"type":"branch","line":14,"loc":{"start":{"line":14,"column":69},"end":{"line":14,"column":112}},"locations":[{"start":{"line":14,"column":69},"end":{"line":14,"column":112}}]},"4":{"type":"branch","line":15,"loc":{"start":{"line":15,"column":49},"end":{"line":15,"column":95}},"locations":[{"start":{"line":15,"column":49},"end":{"line":15,"column":95}}]},"5":{"type":"branch","line":18,"loc":{"start":{"line":18,"column":4},"end":{"line":18,"column":47}},"locations":[{"start":{"line":18,"column":4},"end":{"line":18,"column":47}}]},"6":{"type":"branch","line":108,"loc":{"start":{"line":108,"column":23},"end":{"line":128,"column":12}},"locations":[{"start":{"line":108,"column":23},"end":{"line":128,"column":12}}]},"7":{"type":"branch","line":114,"loc":{"start":{"line":114,"column":35},"end":{"line":117,"column":15}},"locations":[{"start":{"line":114,"column":35},"end":{"line":117,"column":15}}]},"8":{"type":"branch","line":118,"loc":{"start":{"line":118,"column":34},"end":{"line":125,"column":15}},"locations":[{"start":{"line":118,"column":34},"end":{"line":125,"column":15}}]}},"b":{"0":[3],"1":[0],"2":[0],"3":[8],"4":[8],"5":[8],"6":[6],"7":[0],"8":[0]},"fnMap":{"0":{"name":"Guests","decl":{"start":{"line":12,"column":0},"end":{"line":187,"column":1}},"loc":{"start":{"line":12,"column":0},"end":{"line":187,"column":1}},"line":12},"1":{"name":"handleDecrementAdultCount","decl":{"start":{"line":22,"column":36},"end":{"line":29,"column":4}},"loc":{"start":{"line":22,"column":36},"end":{"line":29,"column":4}},"line":22},"2":{"name":"handleIncrementAdultCount","decl":{"start":{"line":31,"column":36},"end":{"line":42,"column":4}},"loc":{"start":{"line":31,"column":36},"end":{"line":42,"column":4}},"line":31},"3":{"name":"handleDecrementTeenCount","decl":{"start":{"line":44,"column":35},"end":{"line":49,"column":4}},"loc":{"start":{"line":44,"column":35},"end":{"line":49,"column":4}},"line":44},"4":{"name":"handleIncrementTeenCount","decl":{"start":{"line":51,"column":35},"end":{"line":58,"column":4}},"loc":{"start":{"line":51,"column":35},"end":{"line":58,"column":4}},"line":51},"5":{"name":"handleDecrementKidCount","decl":{"start":{"line":60,"column":34},"end":{"line":65,"column":4}},"loc":{"start":{"line":60,"column":34},"end":{"line":65,"column":4}},"line":60},"6":{"name":"handleIncrementKidCount","decl":{"start":{"line":67,"column":34},"end":{"line":74,"column":4}},"loc":{"start":{"line":67,"column":34},"end":{"line":74,"column":4}},"line":67},"7":{"name":"onMouseDown","decl":{"start":{"line":92,"column":23},"end":{"line":95,"column":13}},"loc":{"start":{"line":92,"column":23},"end":{"line":95,"column":13}},"line":92},"8":{"name":"renderValue","decl":{"start":{"line":108,"column":23},"end":{"line":128,"column":12}},"loc":{"start":{"line":108,"column":23},"end":{"line":128,"column":12}},"line":108}},"f":{"0":3,"1":0,"2":0,"3":0,"4":0,"5":0,"6":0,"7":0,"8":6}}
,"/home/hp/TEAM-4-KDU-FRONTEND/src/components/BookingForm/PropertyName/PropertyName.tsx": {"path":"/home/hp/TEAM-4-KDU-FRONTEND/src/components/BookingForm/PropertyName/PropertyName.tsx","all":false,"statementMap":{"0":{"start":{"line":1,"column":0},"end":{"line":1,"column":41}},"1":{"start":{"line":2,"column":0},"end":{"line":2,"column":29}},"2":{"start":{"line":3,"column":0},"end":{"line":3,"column":8}},"3":{"start":{"line":4,"column":0},"end":{"line":4,"column":14}},"4":{"start":{"line":5,"column":0},"end":{"line":5,"column":11}},"5":{"start":{"line":6,"column":0},"end":{"line":6,"column":9}},"6":{"start":{"line":7,"column":0},"end":{"line":7,"column":20}},"7":{"start":{"line":8,"column":0},"end":{"line":8,"column":23}},"8":{"start":{"line":9,"column":0},"end":{"line":9,"column":46}},"9":{"start":{"line":10,"column":0},"end":{"line":10,"column":65}},"10":{"start":{"line":11,"column":0},"end":{"line":11,"column":55}},"11":{"start":{"line":12,"column":0},"end":{"line":12,"column":68}},"12":{"start":{"line":13,"column":0},"end":{"line":13,"column":72}},"13":{"start":{"line":14,"column":0},"end":{"line":14,"column":0}},"14":{"start":{"line":15,"column":0},"end":{"line":15,"column":40}},"15":{"start":{"line":16,"column":0},"end":{"line":16,"column":0}},"16":{"start":{"line":17,"column":0},"end":{"line":17,"column":54}},"17":{"start":{"line":18,"column":0},"end":{"line":18,"column":50}},"18":{"start":{"line":19,"column":0},"end":{"line":19,"column":4}},"19":{"start":{"line":20,"column":0},"end":{"line":20,"column":0}},"20":{"start":{"line":21,"column":0},"end":{"line":21,"column":46}},"21":{"start":{"line":22,"column":0},"end":{"line":22,"column":0}},"22":{"start":{"line":23,"column":0},"end":{"line":23,"column":35}},"23":{"start":{"line":24,"column":0},"end":{"line":24,"column":60}},"24":{"start":{"line":25,"column":0},"end":{"line":25,"column":4}},"25":{"start":{"line":26,"column":0},"end":{"line":26,"column":0}},"26":{"start":{"line":27,"column":0},"end":{"line":27,"column":39}},"27":{"start":{"line":28,"column":0},"end":{"line":28,"column":44}},"28":{"start":{"line":29,"column":0},"end":{"line":29,"column":4}},"29":{"start":{"line":30,"column":0},"end":{"line":30,"column":0}},"30":{"start":{"line":31,"column":0},"end":{"line":31,"column":19}},"31":{"start":{"line":32,"column":0},"end":{"line":32,"column":28}},"32":{"start":{"line":33,"column":0},"end":{"line":33,"column":9}},"33":{"start":{"line":34,"column":0},"end":{"line":34,"column":0}},"34":{"start":{"line":35,"column":0},"end":{"line":35,"column":10}},"35":{"start":{"line":36,"column":0},"end":{"line":36,"column":38}},"36":{"start":{"line":37,"column":0},"end":{"line":37,"column":36}},"37":{"start":{"line":38,"column":0},"end":{"line":38,"column":79}},"38":{"start":{"line":39,"column":0},"end":{"line":39,"column":10}},"39":{"start":{"line":40,"column":0},"end":{"line":40,"column":19}},"40":{"start":{"line":41,"column":0},"end":{"line":41,"column":15}},"41":{"start":{"line":42,"column":0},"end":{"line":42,"column":32}},"42":{"start":{"line":43,"column":0},"end":{"line":43,"column":30}},"43":{"start":{"line":44,"column":0},"end":{"line":44,"column":33}},"44":{"start":{"line":45,"column":0},"end":{"line":45,"column":37}},"45":{"start":{"line":46,"column":0},"end":{"line":46,"column":56}},"46":{"start":{"line":47,"column":0},"end":{"line":47,"column":22}},"47":{"start":{"line":48,"column":0},"end":{"line":48,"column":38}},"48":{"start":{"line":49,"column":0},"end":{"line":49,"column":49}},"49":{"start":{"line":50,"column":0},"end":{"line":50,"column":12}},"50":{"start":{"line":51,"column":0},"end":{"line":51,"column":22}},"51":{"start":{"line":52,"column":0},"end":{"line":52,"column":27}},"52":{"start":{"line":53,"column":0},"end":{"line":53,"column":33}},"53":{"start":{"line":54,"column":0},"end":{"line":54,"column":33}},"54":{"start":{"line":55,"column":0},"end":{"line":55,"column":14}},"55":{"start":{"line":56,"column":0},"end":{"line":56,"column":30}},"56":{"start":{"line":57,"column":0},"end":{"line":57,"column":30}},"57":{"start":{"line":58,"column":0},"end":{"line":58,"column":33}},"58":{"start":{"line":59,"column":0},"end":{"line":59,"column":14}},"59":{"start":{"line":60,"column":0},"end":{"line":60,"column":25}},"60":{"start":{"line":61,"column":0},"end":{"line":61,"column":22}},"61":{"start":{"line":62,"column":0},"end":{"line":62,"column":61}},"62":{"start":{"line":63,"column":0},"end":{"line":63,"column":34}},"63":{"start":{"line":64,"column":0},"end":{"line":64,"column":16}},"64":{"start":{"line":65,"column":0},"end":{"line":65,"column":14}},"65":{"start":{"line":66,"column":0},"end":{"line":66,"column":12}},"66":{"start":{"line":67,"column":0},"end":{"line":67,"column":9}},"67":{"start":{"line":68,"column":0},"end":{"line":68,"column":45}},"68":{"start":{"line":69,"column":0},"end":{"line":69,"column":133}},"69":{"start":{"line":70,"column":0},"end":{"line":70,"column":39}},"70":{"start":{"line":71,"column":0},"end":{"line":71,"column":25}},"71":{"start":{"line":72,"column":0},"end":{"line":72,"column":15}},"72":{"start":{"line":73,"column":0},"end":{"line":73,"column":8}},"73":{"start":{"line":74,"column":0},"end":{"line":74,"column":17}},"74":{"start":{"line":75,"column":0},"end":{"line":75,"column":20}},"75":{"start":{"line":76,"column":0},"end":{"line":76,"column":10}},"76":{"start":{"line":77,"column":0},"end":{"line":77,"column":4}},"77":{"start":{"line":78,"column":0},"end":{"line":78,"column":1}}},"s":{"0":1,"1":1,"2":1,"3":1,"4":1,"5":1,"6":1,"7":1,"8":1,"9":1,"10":1,"11":1,"12":1,"13":1,"14":2,"15":2,"16":2,"17":0,"18":0,"19":2,"20":2,"21":2,"22":2,"23":2,"24":2,"25":2,"26":2,"27":2,"28":2,"29":2,"30":2,"31":1,"32":2,"33":2,"34":2,"35":2,"36":2,"37":2,"38":2,"39":2,"40":2,"41":2,"42":2,"43":2,"44":2,"45":2,"46":2,"47":2,"48":2,"49":2,"50":2,"51":2,"52":2,"53":2,"54":2,"55":2,"56":2,"57":2,"58":2,"59":2,"60":2,"61":2,"62":2,"63":2,"64":2,"65":2,"66":2,"67":2,"68":0,"69":0,"70":0,"71":2,"72":2,"73":2,"74":2,"75":2,"76":2,"77":2},"branchMap":{"0":{"type":"branch","line":15,"loc":{"start":{"line":15,"column":0},"end":{"line":78,"column":1}},"locations":[{"start":{"line":15,"column":0},"end":{"line":78,"column":1}}]},"1":{"type":"branch","line":24,"loc":{"start":{"line":24,"column":4},"end":{"line":24,"column":60}},"locations":[{"start":{"line":24,"column":4},"end":{"line":24,"column":60}}]},"2":{"type":"branch","line":28,"loc":{"start":{"line":28,"column":4},"end":{"line":28,"column":44}},"locations":[{"start":{"line":28,"column":4},"end":{"line":28,"column":44}}]},"3":{"type":"branch","line":31,"loc":{"start":{"line":31,"column":12},"end":{"line":33,"column":5}},"locations":[{"start":{"line":31,"column":12},"end":{"line":33,"column":5}}]},"4":{"type":"branch","line":48,"loc":{"start":{"line":48,"column":23},"end":{"line":50,"column":12}},"locations":[{"start":{"line":48,"column":23},"end":{"line":50,"column":12}}]}},"b":{"0":[2],"1":[5],"2":[4],"3":[1],"4":[2]},"fnMap":{"0":{"name":"PropertyName","decl":{"start":{"line":15,"column":0},"end":{"line":78,"column":1}},"loc":{"start":{"line":15,"column":0},"end":{"line":78,"column":1}},"line":15},"1":{"name":"handleChange","decl":{"start":{"line":17,"column":23},"end":{"line":19,"column":4}},"loc":{"start":{"line":17,"column":23},"end":{"line":19,"column":4}},"line":17},"2":{"name":"renderValue","decl":{"start":{"line":48,"column":23},"end":{"line":50,"column":12}},"loc":{"start":{"line":48,"column":23},"end":{"line":50,"column":12}},"line":48}},"f":{"0":2,"1":0,"2":2}}
,"/home/hp/TEAM-4-KDU-FRONTEND/src/components/BookingForm/Rooms/Rooms.tsx": {"path":"/home/hp/TEAM-4-KDU-FRONTEND/src/components/BookingForm/Rooms/Rooms.tsx","all":false,"statementMap":{"0":{"start":{"line":1,"column":0},"end":{"line":1,"column":26}},"1":{"start":{"line":2,"column":0},"end":{"line":2,"column":22}},"2":{"start":{"line":3,"column":0},"end":{"line":3,"column":81}},"3":{"start":{"line":4,"column":0},"end":{"line":4,"column":55}},"4":{"start":{"line":5,"column":0},"end":{"line":5,"column":55}},"5":{"start":{"line":6,"column":0},"end":{"line":6,"column":84}},"6":{"start":{"line":7,"column":0},"end":{"line":7,"column":46}},"7":{"start":{"line":8,"column":0},"end":{"line":8,"column":66}},"8":{"start":{"line":9,"column":0},"end":{"line":9,"column":0}},"9":{"start":{"line":10,"column":0},"end":{"line":10,"column":0}},"10":{"start":{"line":11,"column":0},"end":{"line":11,"column":0}},"11":{"start":{"line":12,"column":0},"end":{"line":12,"column":0}},"12":{"start":{"line":13,"column":0},"end":{"line":13,"column":33}},"13":{"start":{"line":14,"column":0},"end":{"line":14,"column":33}},"14":{"start":{"line":15,"column":0},"end":{"line":15,"column":87}},"15":{"start":{"line":16,"column":0},"end":{"line":16,"column":89}},"16":{"start":{"line":17,"column":0},"end":{"line":17,"column":89}},"17":{"start":{"line":18,"column":0},"end":{"line":18,"column":0}},"18":{"start":{"line":19,"column":0},"end":{"line":19,"column":80}},"19":{"start":{"line":20,"column":0},"end":{"line":20,"column":39}},"20":{"start":{"line":21,"column":0},"end":{"line":21,"column":47}},"21":{"start":{"line":22,"column":0},"end":{"line":22,"column":4}},"22":{"start":{"line":23,"column":0},"end":{"line":23,"column":0}},"23":{"start":{"line":24,"column":0},"end":{"line":24,"column":0}},"24":{"start":{"line":25,"column":0},"end":{"line":25,"column":71}},"25":{"start":{"line":26,"column":0},"end":{"line":26,"column":54}},"26":{"start":{"line":27,"column":0},"end":{"line":27,"column":62}},"27":{"start":{"line":28,"column":0},"end":{"line":28,"column":104}},"28":{"start":{"line":29,"column":0},"end":{"line":29,"column":13}},"29":{"start":{"line":30,"column":0},"end":{"line":30,"column":5}},"30":{"start":{"line":31,"column":0},"end":{"line":31,"column":36}},"31":{"start":{"line":32,"column":0},"end":{"line":32,"column":44}},"32":{"start":{"line":33,"column":0},"end":{"line":33,"column":5}},"33":{"start":{"line":34,"column":0},"end":{"line":34,"column":41}},"34":{"start":{"line":35,"column":0},"end":{"line":35,"column":4}},"35":{"start":{"line":36,"column":0},"end":{"line":36,"column":0}},"36":{"start":{"line":37,"column":0},"end":{"line":37,"column":0}},"37":{"start":{"line":38,"column":0},"end":{"line":38,"column":0}},"38":{"start":{"line":39,"column":0},"end":{"line":39,"column":10}},"39":{"start":{"line":40,"column":0},"end":{"line":40,"column":36}},"40":{"start":{"line":41,"column":0},"end":{"line":41,"column":31}},"41":{"start":{"line":42,"column":0},"end":{"line":42,"column":23}},"42":{"start":{"line":43,"column":0},"end":{"line":43,"column":26}},"43":{"start":{"line":44,"column":0},"end":{"line":44,"column":34}},"44":{"start":{"line":45,"column":0},"end":{"line":45,"column":12}},"45":{"start":{"line":46,"column":0},"end":{"line":46,"column":8}},"46":{"start":{"line":47,"column":0},"end":{"line":47,"column":10}},"47":{"start":{"line":48,"column":0},"end":{"line":48,"column":19}},"48":{"start":{"line":49,"column":0},"end":{"line":49,"column":15}},"49":{"start":{"line":50,"column":0},"end":{"line":50,"column":44}},"50":{"start":{"line":51,"column":0},"end":{"line":51,"column":33}},"51":{"start":{"line":52,"column":0},"end":{"line":52,"column":34}},"52":{"start":{"line":53,"column":0},"end":{"line":53,"column":27}},"53":{"start":{"line":54,"column":0},"end":{"line":54,"column":42}},"54":{"start":{"line":55,"column":0},"end":{"line":55,"column"
[...]
"column":0},"end":{"line":20,"column":63}},"20":{"start":{"line":21,"column":0},"end":{"line":21,"column":31}},"21":{"start":{"line":22,"column":0},"end":{"line":22,"column":16}},"22":{"start":{"line":23,"column":0},"end":{"line":23,"column":10}},"23":{"start":{"line":24,"column":0},"end":{"line":24,"column":17}},"24":{"start":{"line":25,"column":0},"end":{"line":25,"column":3}},"25":{"start":{"line":26,"column":0},"end":{"line":26,"column":2}},"26":{"start":{"line":27,"column":0},"end":{"line":27,"column":0}},"27":{"start":{"line":28,"column":0},"end":{"line":28,"column":0}},"28":{"start":{"line":29,"column":0},"end":{"line":29,"column":65}},"29":{"start":{"line":30,"column":0},"end":{"line":30,"column":41}},"30":{"start":{"line":31,"column":0},"end":{"line":31,"column":64}},"31":{"start":{"line":32,"column":0},"end":{"line":32,"column":0}},"32":{"start":{"line":33,"column":0},"end":{"line":33,"column":31}},"33":{"start":{"line":34,"column":0},"end":{"line":34,"column":16}},"34":{"start":{"line":35,"column":0},"end":{"line":35,"column":10}},"35":{"start":{"line":36,"column":0},"end":{"line":36,"column":17}},"36":{"start":{"line":37,"column":0},"end":{"line":37,"column":3}},"37":{"start":{"line":38,"column":0},"end":{"line":38,"column":2}},"38":{"start":{"line":39,"column":0},"end":{"line":39,"column":0}},"39":{"start":{"line":40,"column":0},"end":{"line":40,"column":67}},"40":{"start":{"line":41,"column":0},"end":{"line":41,"column":45}},"41":{"start":{"line":42,"column":0},"end":{"line":42,"column":0}},"42":{"start":{"line":43,"column":0},"end":{"line":43,"column":58}},"43":{"start":{"line":44,"column":0},"end":{"line":44,"column":0}},"44":{"start":{"line":45,"column":0},"end":{"line":45,"column":31}},"45":{"start":{"line":46,"column":0},"end":{"line":46,"column":16}},"46":{"start":{"line":47,"column":0},"end":{"line":47,"column":10}},"47":{"start":{"line":48,"column":0},"end":{"line":48,"column":17}},"48":{"start":{"line":49,"column":0},"end":{"line":49,"column":3}},"49":{"start":{"line":50,"column":0},"end":{"line":50,"column":2}}},"s":{"0":1,"1":1,"2":1,"3":0,"4":0,"5":0,"6":0,"7":0,"8":0,"9":0,"10":0,"11":0,"12":1,"13":1,"14":0,"15":0,"16":0,"17":0,"18":0,"19":0,"20":0,"21":0,"22":0,"23":0,"24":0,"25":0,"26":1,"27":1,"28":1,"29":0,"30":0,"31":0,"32":0,"33":0,"34":0,"35":0,"36":0,"37":0,"38":1,"39":1,"40":0,"41":0,"42":0,"43":0,"44":0,"45":0,"46":0,"47":0,"48":0,"49":0},"branchMap":{},"b":{},"fnMap":{"0":{"name":"isValidCVV","decl":{"start":{"line":3,"column":26},"end":{"line":12,"column":2}},"loc":{"start":{"line":3,"column":26},"end":{"line":12,"column":2}},"line":3},"1":{"name":"isValidExpiryDate","decl":{"start":{"line":14,"column":33},"end":{"line":26,"column":2}},"loc":{"start":{"line":14,"column":33},"end":{"line":26,"column":2}},"line":14},"2":{"name":"isValidHolderName","decl":{"start":{"line":29,"column":33},"end":{"line":38,"column":2}},"loc":{"start":{"line":29,"column":33},"end":{"line":38,"column":2}},"line":29},"3":{"name":"isValidCardNumber","decl":{"start":{"line":40,"column":33},"end":{"line":50,"column":2}},"loc":{"start":{"line":40,"column":33},"end":{"line":50,"column":2}},"line":40}},"f":{"0":0,"1":0,"2":0,"3":0}}
,"/home/hp/TEAM-4-KDU-FRONTEND/src/utils/Validations/UserDataValidation.tsx": {"path":"/home/hp/TEAM-4-KDU-FRONTEND/src/utils/Validations/UserDataValidation.tsx","all":false,"statementMap":{"0":{"start":{"line":1,"column":0},"end":{"line":1,"column":32}},"1":{"start":{"line":2,"column":0},"end":{"line":2,"column":0}},"2":{"start":{"line":3,"column":0},"end":{"line":3,"column":0}},"3":{"start":{"line":4,"column":0},"end":{"line":4,"column":69}},"4":{"start":{"line":5,"column":0},"end":{"line":5,"column":64}},"5":{"start":{"line":6,"column":0},"end":{"line":6,"column":45}},"6":{"start":{"line":7,"column":0},"end":{"line":7,"column":40}},"7":{"start":{"line":8,"column":0},"end":{"line":8,"column":2}},"8":{"start":{"line":9,"column":0},"end":{"line":9,"column":0}},"9":{"start":{"line":10,"column":0},"end":{"line":10,"column":57}},"10":{"start":{"line":11,"column":0},"end":{"line":11,"column":56}},"11":{"start":{"line":12,"column":0},"end":{"line":12,"column":60}},"12":{"start":{"line":13,"column":0},"end":{"line":13,"column":34}},"13":{"start":{"line":14,"column":0},"end":{"line":14,"column":2}},"14":{"start":{"line":15,"column":0},"end":{"line":15,"column":0}},"15":{"start":{"line":16,"column":0},"end":{"line":16,"column":0}},"16":{"start":{"line":17,"column":0},"end":{"line":17,"column":75}},"17":{"start":{"line":18,"column":0},"end":{"line":18,"column":41}},"18":{"start":{"line":19,"column":0},"end":{"line":19,"column":18}},"19":{"start":{"line":20,"column":0},"end":{"line":20,"column":37}},"20":{"start":{"line":21,"column":0},"end":{"line":21,"column":59}},"21":{"start":{"line":22,"column":0},"end":{"line":22,"column":68}},"22":{"start":{"line":23,"column":0},"end":{"line":23,"column":5}},"23":{"start":{"line":24,"column":0},"end":{"line":24,"column":59}},"24":{"start":{"line":25,"column":0},"end":{"line":25,"column":17}},"25":{"start":{"line":26,"column":0},"end":{"line":26,"column":0}},"26":{"start":{"line":27,"column":0},"end":{"line":27,"column":1}}},"s":{"0":1,"1":1,"2":1,"3":1,"4":0,"5":0,"6":0,"7":0,"8":1,"9":1,"10":0,"11":0,"12":0,"13":0,"14":1,"15":1,"16":1,"17":0,"18":0,"19":0,"20":0,"21":0,"22":0,"23":0,"24":0,"25":0,"26":0},"branchMap":{},"b":{},"fnMap":{"0":{"name":"isValidPhoneNumber","decl":{"start":{"line":4,"column":34},"end":{"line":8,"column":2}},"loc":{"start":{"line":4,"column":34},"end":{"line":8,"column":2}},"line":4},"1":{"name":"isValidEmail","decl":{"start":{"line":10,"column":28},"end":{"line":14,"column":2}},"loc":{"start":{"line":10,"column":28},"end":{"line":14,"column":2}},"line":10},"2":{"name":"isValidZip","decl":{"start":{"line":17,"column":26},"end":{"line":27,"column":1}},"loc":{"start":{"line":17,"column":26},"end":{"line":27,"column":1}},"line":17}},"f":{"0":0,"1":0,"2":0}}
,"/home/hp/TEAM-4-KDU-FRONTEND/src/utils/Validations/Validations.tsx": {"path":"/home/hp/TEAM-4-KDU-FRONTEND/src/utils/Validations/Validations.tsx","all":true,"statementMap":{"0":{"start":{"line":1,"column":0},"end":{"line":1,"column":15}},"1":{"start":{"line":2,"column":0},"end":{"line":2,"column":0}},"2":{"start":{"line":3,"column":0},"end":{"line":3,"column":37}},"3":{"start":{"line":4,"column":0},"end":{"line":4,"column":32}},"4":{"start":{"line":5,"column":0},"end":{"line":5,"column":28}},"5":{"start":{"line":6,"column":0},"end":{"line":6,"column":26}},"6":{"start":{"line":7,"column":0},"end":{"line":7,"column":28}},"7":{"start":{"line":8,"column":0},"end":{"line":8,"column":23}},"8":{"start":{"line":9,"column":0},"end":{"line":9,"column":29}},"9":{"start":{"line":10,"column":0},"end":{"line":10,"column":27}},"10":{"start":{"line":11,"column":0},"end":{"line":11,"column":28}},"11":{"start":{"line":12,"column":0},"end":{"line":12,"column":26}},"12":{"start":{"line":13,"column":0},"end":{"line":13,"column":24}},"13":{"start":{"line":14,"column":0},"end":{"line":14,"column":17}},"14":{"start":{"line":15,"column":0},"end":{"line":15,"column":29}},"15":{"start":{"line":16,"column":0},"end":{"line":16,"column":47}},"16":{"start":{"line":17,"column":0},"end":{"line":17,"column":43}},"17":{"start":{"line":18,"column":0},"end":{"line":18,"column":100}},"18":{"start":{"line":19,"column":0},"end":{"line":19,"column":0}},"19":{"start":{"line":20,"column":0},"end":{"line":20,"column":53}},"20":{"start":{"line":21,"column":0},"end":{"line":21,"column":0}},"21":{"start":{"line":22,"column":0},"end":{"line":22,"column":2}},"22":{"start":{"line":23,"column":0},"end":{"line":23,"column":8}},"23":{"start":{"line":24,"column":0},"end":{"line":24,"column":38}},"24":{"start":{"line":25,"column":0},"end":{"line":25,"column":33}},"25":{"start":{"line":26,"column":0},"end":{"line":26,"column":39}},"26":{"start":{"line":27,"column":0},"end":{"line":27,"column":36}},"27":{"start":{"line":28,"column":0},"end":{"line":28,"column":48}},"28":{"start":{"line":29,"column":0},"end":{"line":29,"column":28}},"29":{"start":{"line":30,"column":0},"end":{"line":30,"column":43}},"30":{"start":{"line":31,"column":0},"end":{"line":31,"column":45}},"31":{"start":{"line":32,"column":0},"end":{"line":32,"column":32}},"32":{"start":{"line":33,"column":0},"end":{"line":33,"column":30}},"33":{"start":{"line":34,"column":0},"end":{"line":34,"column":57}},"34":{"start":{"line":35,"column":0},"end":{"line":35,"column":35}},"35":{"start":{"line":36,"column":0},"end":{"line":36,"column":30}},"36":{"start":{"line":37,"column":0},"end":{"line":37,"column":7}},"37":{"start":{"line":38,"column":0},"end":{"line":38,"column":40}},"38":{"start":{"line":39,"column":0},"end":{"line":39,"column":19}},"39":{"start":{"line":40,"column":0},"end":{"line":40,"column":12}},"40":{"start":{"line":41,"column":0},"end":{"line":41,"column":18}},"41":{"start":{"line":42,"column":0},"end":{"line":42,"column":5}},"42":{"start":{"line":43,"column":0},"end":{"line":43,"column":4}},"43":{"start":{"line":44,"column":0},"end":{"line":44,"column":2}},"44":{"start":{"line":45,"column":0},"end":{"line":45,"column":52}},"45":{"start":{"line":46,"column":0},"end":{"line":46,"column":70}},"46":{"start":{"line":47,"column":0},"end":{"line":47,"column":67}},"47":{"start":{"line":48,"column":0},"end":{"line":48,"column":32}},"48":{"start":{"line":49,"column":0},"end":{"line":49,"column":47}},"49":{"start":{"line":50,"column":0},"end":{"line":50,"column":4}}},"s":{"0":0,"1":0,"2":0,"3":0,"4":0,"5":0,"6":0,"7":0,"8":0,"9":0,"10":0,"11":0,"12":0,"13":0,"14":0,"15":0,"16":0,"17":0,"18":0,"19":0,"20":0,"21":0,"22":0,"23":0,"24":0,"25":0,"26":0,"27":0,"28":0,"29":0,"30":0,"31":0,"32":0,"33":0,"34":0,"35":0,"36":0,"37":0,"38":0,"39":0,"40":0,"41":0,"42":0,"43":0,"44":0,"45":0,"46":0,"47":0,"48":0,"49":0},"branchMap":{"0":{"type":"branch","line":1,"loc":{"start":{"line":1,"column":0},"end":{"line":50,"column":4}},"locations":[{"start":{"line":1,"column":0},"end":{"line":50,"column":4}}]}},"b":{"0":[0]},"fnMap":{"0":{"name":"(empty-report)","decl":{"start":{"line":1,"column":0},"end":{"line":50,"column":4}},"loc":{"start":{"line":1,"column":0},"end":{"line":50,"column":4}},"line":1}},"f":{"0":0}}
,"/home/hp/TEAM-4-KDU-FRONTEND/src/utils/calculations/Calculations.tsx": {"path":"/home/hp/TEAM-4-KDU-FRONTEND/src/utils/calculations/Calculations.tsx","all":false,"statementMap":{"0":{"start":{"line":1,"column":0},"end":{"line":1,"column":102}},"1":{"start":{"line":2,"column":0},"end":{"line":2,"column":43}},"2":{"start":{"line":3,"column":0},"end":{"line":3,"column":39}},"3":{"start":{"line":4,"column":0},"end":{"line":4,"column":31}},"4":{"start":{"line":5,"column":0},"end":{"line":5,"column":0}},"5":{"start":{"line":6,"column":0},"end":{"line":6,"column":38}},"6":{"start":{"line":7,"column":0},"end":{"line":7,"column":70}},"7":{"start":{"line":8,"column":0},"end":{"line":8,"column":17}},"8":{"start":{"line":9,"column":0},"end":{"line":9,"column":58}},"9":{"start":{"line":10,"column":0},"end":{"line":10,"column":5}},"10":{"start":{"line":11,"column":0},"end":{"line":11,"column":0}},"11":{"start":{"line":12,"column":0},"end":{"line":12,"column":25}},"12":{"start":{"line":13,"column":0},"end":{"line":13,"column":1}},"13":{"start":{"line":14,"column":0},"end":{"line":14,"column":0}},"14":{"start":{"line":15,"column":0},"end":{"line":15,"column":65}},"15":{"start":{"line":16,"column":0},"end":{"line":16,"column":31}},"16":{"start":{"line":17,"column":0},"end":{"line":17,"column":1}},"17":{"start":{"line":18,"column":0},"end":{"line":18,"column":0}},"18":{"start":{"line":19,"column":0},"end":{"line":19,"column":70}},"19":{"start":{"line":20,"column":0},"end":{"line":20,"column":38}},"20":{"start":{"line":21,"column":0},"end":{"line":21,"column":34}},"21":{"start":{"line":22,"column":0},"end":{"line":22,"column":0}},"22":{"start":{"line":23,"column":0},"end":{"line":23,"column":49}},"23":{"start":{"line":24,"column":0},"end":{"line":24,"column":44}},"24":{"start":{"line":25,"column":0},"end":{"line":25,"column":0}},"25":{"start":{"line":26,"column":0},"end":{"line":26,"column":101}},"26":{"start":{"line":27,"column":0},"end":{"line":27,"column":1}},"27":{"start":{"line":28,"column":0},"end":{"line":28,"column":0}},"28":{"start":{"line":29,"column":0},"end":{"line":29,"column":74}},"29":{"start":{"line":30,"column":0},"end":{"line":30,"column":38}},"30":{"start":{"line":31,"column":0},"end":{"line":31,"column":34}},"31":{"start":{"line":32,"column":0},"end":{"line":32,"column":0}},"32":{"start":{"line":33,"column":0},"end":{"line":33,"column":17}},"33":{"start":{"line":34,"column":0},"end":{"line":34,"column":33}},"34":{"start":{"line":35,"column":0},"end":{"line":35,"column":0}},"35":{"start":{"line":36,"column":0},"end":{"line":36,"column":24}},"36":{"start":{"line":37,"column":0},"end":{"line":37,"column":47}},"37":{"start":{"line":38,"column":0},"end":{"line":38,"column":47}},"38":{"start":{"line":39,"column":0},"end":{"line":39,"column":4}},"39":{"start":{"line":40,"column":0},"end":{"line":40,"column":61}},"40":{"start":{"line":41,"column":0},"end":{"line":41,"column":15}},"41":{"start":{"line":42,"column":0},"end":{"line":42,"column":5}},"42":{"start":{"line":43,"column":0},"end":{"line":43,"column":0}},"43":{"start":{"line":44,"column":0},"end":{"line":44,"column":34}},"44":{"start":{"line":45,"column":0},"end":{"line":45,"column":1}},"45":{"start":{"line":46,"column":0},"end":{"line":46,"column":0}},"46":{"start":{"line":47,"column":0},"end":{"line":47,"column":87}},"47":{"start":{"line":48,"column":0},"end":{"line":48,"column":63}},"48":{"start":{"line":49,"column":0},"end":{"line":49,"column":76}},"49":{"start":{"line":50,"column":0},"end":{"line":50,"column":20}},"50":{"start":{"line":51,"column":0},"end":{"line":51,"column":5}},"51":{"start":{"line":52,"column":0},"end":{"line":52,"column":17}},"52":{"start":{"line":53,"column":0},"end":{"line":53,"column":1}},"53":{"start":{"line":54,"column":0},"end":{"line":54,"column":0}},"54":{"start":{"line":55,"column":0},"end":{"line":55,"column":53}},"55":{"start":{"line":56,"column":0},"end":{"line":56,"column":38}},"56":{"start":{"line":57,"column":0},"end":{"line":57,"column":32}},"57":{"start":{"line":58,"column":0},"end":{"line":58,"column":1}},"58":{"start":{"line":59,"column":0},"end":{"line":59,"column":0}},"59":{"start":{"line":60,"column":0},"end":{"line":60,"column":65}},"60":{"start":{"line":61,"column":0},"end":{"line":61,"column":19}},"61":{"start":{"line":62,"column":0},"end":{"line":62,"column":38}},"62":{"start":{"line":63,"column":0},"end":{"line":63,"column":17}},"63":{"start":{"line":64,"column":0},"end":{"line":64,"column":58}},"64":{"start":{"line":65,"column":0},"end":{"line":65,"column":5}},"65":{"start":{"line":66,"column":0},"end":{"line":66,"column":18}},"66":{"start":{"line":67,"column":0},"end":{"line":67,"column":1}},"67":{"start":{"line":68,"column":0},"end":{"line":68,"column":0}},"68":{"start":{"line":69,"column":0},"end":{"line":69,"column":68}},"69":{"start":{"line":70,"column":0},"end":{"line":70,"column":18}},"70":{"start":{"line":71,"column":0},"end":{"line":71,"column":29}},"71":{"start":{"line":72,"column":0},"end":{"line":72,"column":31}},"72":{"start":{"line":73,"column":0},"end":{"line":73,"column":5}},"73":{"start":{"line":74,"column":0},"end":{"line":74,"column":17}},"74":{"start":{"line":75,"column":0},"end":{"line":75,"column":1}}},"s":{"0":1,"1":22,"2":22,"3":22,"4":22,"5":22,"6":0,"7":0,"8":0,"9":0,"10":22,"11":22,"12":22,"13":1,"14":1,"15":0,"16":0,"17":1,"18":1,"19":0,"20":0,"21":0,"22":0,"23":0,"24":0,"25":0,"26":0,"27":1,"28":1,"29":0,"30":0,"31":0,"32":0,"33":0,"34":0,"35":0,"36":0,"37":0,"38":0,"39":0,"40":0,"41":0,"42":0,"43":0,"44":0,"45":1,"46":1,"47":0,"48":0,"49":0,"50":0,"51":0,"52":0,"53":1,"54":1,"55":0,"56":0,"57":0,"58":1,"59":1,"60":0,"61":0,"62":0,"63":0,"64":0,"65":0,"66":0,"67":1,"68":1,"69":11,"70":11,"71":0,"72":0,"73":0,"74":0},"branchMap":{"0":{"type":"branch","line":1,"loc":{"start":{"line":1,"column":7},"end":{"line":13,"column":1}},"locations":[{"start":{"line":1,"column":7},"end":{"line":13,"column":1}}]},"1":{"type":"branch","line":6,"loc":{"start":{"line":6,"column":37},"end":{"line":10,"column":5}},"locations":[{"start":{"line":6,"column":37},"end":{"line":10,"column":5}}]},"2":{"type":"branch","line":69,"loc":{"start":{"line":69,"column":7},"end":{"line":75,"column":1}},"locations":[{"start":{"line":69,"column":7},"end":{"line":75,"column":1}}]},"3":{"type":"branch","line":71,"loc":{"start":{"line":71,"column":28},"end":{"line":75,"column":1}},"locations":[{"start":{"line":71,"column":28},"end":{"line":75,"column":1}}]}},"b":{"0":[22],"1":[0],"2":[11],"3":[0]},"fnMap":{"0":{"name":"calcAvg","decl":{"start":{"line":1,"column":7},"end":{"line":13,"column":1}},"loc":{"start":{"line":1,"column":7},"end":{"line":13,"column":1}},"line":1},"1":{"name":"calcDiscPrice","decl":{"start":{"line":15,"column":7},"end":{"line":17,"column":1}},"loc":{"start":{"line":15,"column":7},"end":{"line":17,"column":1}},"line":15},"2":{"name":"checkValidWeekend","decl":{"start":{"line":19,"column":7},"end":{"line":27,"column":1}},"loc":{"start":{"line":19,"column":7},"end":{"line":27,"column":1}},"line":19},"3":{"name":"checkValidLongWeekend","decl":{"start":{"line":29,"column":7},"end":{"line":45,"column":1}},"loc":{"start":{"line":29,"column":7},"end":{"line":45,"column":1}},"line":29},"4":{"name":"checkMinValidDays","decl":{"start":{"line":47,"column":7},"end":{"line":53,"column":1}},"loc":{"start":{"line":47,"column":7},"end":{"line":53,"column":1}},"line":47},"5":{"name":"convertDateFormat","decl":{"start":{"line":55,"column":7},"end":{"line":58,"column":1}},"loc":{"start":{"line":55,"column":7},"end":{"line":58,"column":1}},"line":55},"6":{"name":"countDates","decl":{"start":{"line":60,"column":7},"end":{"line":67,"column":1}},"loc":{"start":{"line":60,"column":7},"end":{"line":67,"column":1}},"line":60},"7":{"name":"countTotalPrice","decl":{"start":{"line":69,"column":7},"end":{"line":75,"column":1}},"loc":{"start":{"line":69,"column":7},"end":{"line":75,"column":1}},"line":69}},"f":{"0":22,"1":0,"2":0,"3":0,"4":0,"5":0,"6":0,"7":11}}
,"/home/hp/TEAM-4-KDU-FRONTEND/src/utils/data/Amenities.tsx": {"path":"/home/hp/TEAM-4-KDU-FRONTEND/src/utils/data/Amenities.tsx","all":false,"statementMap":{"0":{"start":{"line":1,"column":0},"end":{"line":1,"column":30}},"1":{"start":{"line":2,"column":0},"end":{"line":2,"column":31}},"2":{"start":{"line":3,"column":0},"end":{"line":3,"column":30}},"3":{"start":{"line":4,"column":0},"end":{"line":4,"column":18}},"4":{"start":{"line":5,"column":0},"end":{"line":5,"column":17}},"5":{"start":{"line":6,"column":0},"end":{"line":6,"column":19}},"6":{"start":{"line":7,"column":0},"end":{"line":7,"column":29}},"7":{"start":{"line":8,"column":0},"end":{"line":8,"column":28}},"8":{"start":{"line":9,"column":0},"end":{"line":9,"column":4}}},"s":{"0":1,"1":1,"2":1,"3":1,"4":1,"5":1,"6":1,"7":1,"8":1},"branchMap":{},"b":{},"fnMap":{},"f":{}}
,"/home/hp/TEAM-4-KDU-FRONTEND/src/utils/enums/langenum.tsx": {"path":"/home/hp/TEAM-4-KDU-FRONTEND/src/utils/enums/langenum.tsx","all":true,"statementMap":{"0":{"start":{"line":1,"column":0},"end":{"line":1,"column":22}},"1":{"start":{"line":2,"column":0},"end":{"line":2,"column":20}},"2":{"start":{"line":3,"column":0},"end":{"line":3,"column":20}},"3":{"start":{"line":4,"column":0},"end":{"line":4,"column":19}},"4":{"start":{"line":5,"column":0},"end":{"line":5,"column":1}}},"s":{"0":0,"1":0,"2":0,"3":0,"4":0},"branchMap":{"0":{"type":"branch","line":1,"loc":{"start":{"line":1,"column":0},"end":{"line":5,"column":1}},"locations":[{"start":{"line":1,"column":0},"end":{"line":5,"column":1}}]}},"b":{"0":[0]},"fnMap":{"0":{"name":"(empty-report)","decl":{"start":{"line":1,"column":0},"end":{"line":5,"column":1}},"loc":{"start":{"line":1,"column":0},"end":{"line":5,"column":1}},"line":1}},"f":{"0":0}}
}
